[11:57:49] [ServerMain/INFO]: Environment: authHost='https://authserver.mojang.com', accountsHost='https://api.mojang.com', sessionHost='https://sessionserver.mojang.com', servicesHost='https://api.minecraftservices.com', name='PROD'
[11:57:51] [ServerMain/INFO]: Loaded 7 recipes
[11:57:52] [Server thread/INFO]: Starting minecraft server version 1.20.1
[11:57:52] [Server thread/INFO]: Loading properties
[11:57:52] [Server thread/INFO]: This server is running CraftBukkit version 3862-Spigot-d2eba2c-db4ba28 (MC: 1.20.1) (Implementing API version 1.20.1-R0.1-SNAPSHOT)
[11:57:52] [Server thread/INFO]: Debug logging is disabled
[11:57:52] [Server thread/INFO]: Server Ping Player Sample Count: 12
[11:57:52] [Server thread/INFO]: Using 4 threads for Netty based IO
[11:57:52] [Server thread/INFO]: Default game type: SURVIVAL
[11:57:52] [Server thread/INFO]: Generating keypair
[11:57:52] [Server thread/INFO]: Starting Minecraft server on *:25565
[11:57:52] [Server thread/INFO]: Using default channel type
[11:57:53] [Server thread/INFO]: [hSpawn] Loading hSpawn v1.2
[11:57:53] [Server thread/INFO]: Preparing level "world"
[11:57:53] [Server thread/INFO]: -------- World Settings For [world] --------
[11:57:53] [Server thread/INFO]: Allow Zombie Pigmen to spawn from portal blocks: true
[11:57:53] [Server thread/INFO]: Nerfing mobs spawned from spawners: false
[11:57:53] [Server thread/INFO]: Item Merge Radius: 2.5
[11:57:53] [Server thread/INFO]: Item Despawn Rate: 6000
[11:57:53] [Server thread/INFO]: View Distance: 10
[11:57:53] [Server thread/INFO]: Simulation Distance: 10
[11:57:53] [Server thread/INFO]: Zombie Aggressive Towards Villager: true
[11:57:53] [Server thread/INFO]: Arrow Despawn Rate: 1200 Trident Respawn Rate:1200
[11:57:53] [Server thread/INFO]: Experience Merge Radius: 3.0
[11:57:53] [Server thread/INFO]: Mob Spawn Range: 6
[11:57:53] [Server thread/INFO]: Cactus Growth Modifier: 100%
[11:57:53] [Server thread/INFO]: Cane Growth Modifier: 100%
[11:57:53] [Server thread/INFO]: Melon Growth Modifier: 100%
[11:57:53] [Server thread/INFO]: Mushroom Growth Modifier: 100%
[11:57:53] [Server thread/INFO]: Pumpkin Growth Modifier: 100%
[11:57:53] [Server thread/INFO]: Sapling Growth Modifier: 100%
[11:57:53] [Server thread/INFO]: Beetroot Growth Modifier: 100%
[11:57:53] [Server thread/INFO]: Carrot Growth Modifier: 100%
[11:57:53] [Server thread/INFO]: Potato Growth Modifier: 100%
[11:57:53] [Server thread/INFO]: Wheat Growth Modifier: 100%
[11:57:53] [Server thread/INFO]: NetherWart Growth Modifier: 100%
[11:57:53] [Server thread/INFO]: Vine Growth Modifier: 100%
[11:57:53] [Server thread/INFO]: Cocoa Growth Modifier: 100%
[11:57:53] [Server thread/INFO]: Bamboo Growth Modifier: 100%
[11:57:53] [Server thread/INFO]: SweetBerry Growth Modifier: 100%
[11:57:53] [Server thread/INFO]: Kelp Growth Modifier: 100%
[11:57:53] [Server thread/INFO]: TwistingVines Growth Modifier: 100%
[11:57:53] [Server thread/INFO]: WeepingVines Growth Modifier: 100%
[11:57:53] [Server thread/INFO]: CaveVines Growth Modifier: 100%
[11:57:53] [Server thread/INFO]: Entity Activation Range: An 32 / Mo 32 / Ra 48 / Mi 16 / Tiv true / Isa false
[11:57:53] [Server thread/INFO]: Hopper Transfer: 8 Hopper Check: 1 Hopper Amount: 1 Hopper Can Load Chunks: false
[11:57:53] [Server thread/INFO]: Custom Map Seeds:  Village: 10387312 Desert: 14357617 Igloo: 14357618 Jungle: 14357619 Swamp: 14357620 Monument: 10387313 Ocean: 14357621 Shipwreck: 165745295 End City: 10387313 Slime: 987234911 Nether: 30084232 Mansion: 10387319 Fossil: 14357921 Portal: 34222645
[11:57:53] [Server thread/INFO]: Entity Tracking Range: Pl 48 / An 48 / Mo 48 / Mi 32 / Di 128 / Other 64
[11:57:53] [Server thread/INFO]: Max TNT Explosions: 100
[11:57:53] [Server thread/INFO]: Tile Max Tick Time: 50ms Entity max Tick Time: 50ms
[11:57:53] [Server thread/INFO]: -------- World Settings For [world_nether] --------
[11:57:53] [Server thread/INFO]: Allow Zombie Pigmen to spawn from portal blocks: true
[11:57:53] [Server thread/INFO]: Nerfing mobs spawned from spawners: false
[11:57:53] [Server thread/INFO]: Item Merge Radius: 2.5
[11:57:53] [Server thread/INFO]: Item Despawn Rate: 6000
[11:57:53] [Server thread/INFO]: View Distance: 10
[11:57:53] [Server thread/INFO]: Simulation Distance: 10
[11:57:53] [Server thread/INFO]: Zombie Aggressive Towards Villager: true
[11:57:53] [Server thread/INFO]: Arrow Despawn Rate: 1200 Trident Respawn Rate:1200
[11:57:53] [Server thread/INFO]: Experience Merge Radius: 3.0
[11:57:53] [Server thread/INFO]: Mob Spawn Range: 6
[11:57:53] [Server thread/INFO]: Cactus Growth Modifier: 100%
[11:57:53] [Server thread/INFO]: Cane Growth Modifier: 100%
[11:57:53] [Server thread/INFO]: Melon Growth Modifier: 100%
[11:57:53] [Server thread/INFO]: Mushroom Growth Modifier: 100%
[11:57:53] [Server thread/INFO]: Pumpkin Growth Modifier: 100%
[11:57:53] [Server thread/INFO]: Sapling Growth Modifier: 100%
[11:57:53] [Server thread/INFO]: Beetroot Growth Modifier: 100%
[11:57:53] [Server thread/INFO]: Carrot Growth Modifier: 100%
[11:57:53] [Server thread/INFO]: Potato Growth Modifier: 100%
[11:57:53] [Server thread/INFO]: Wheat Growth Modifier: 100%
[11:57:53] [Server thread/INFO]: NetherWart Growth Modifier: 100%
[11:57:53] [Server thread/INFO]: Vine Growth Modifier: 100%
[11:57:53] [Server thread/INFO]: Cocoa Growth Modifier: 100%
[11:57:53] [Server thread/INFO]: Bamboo Growth Modifier: 100%
[11:57:53] [Server thread/INFO]: SweetBerry Growth Modifier: 100%
[11:57:53] [Server thread/INFO]: Kelp Growth Modifier: 100%
[11:57:53] [Server thread/INFO]: TwistingVines Growth Modifier: 100%
[11:57:53] [Server thread/INFO]: WeepingVines Growth Modifier: 100%
[11:57:53] [Server thread/INFO]: CaveVines Growth Modifier: 100%
[11:57:53] [Server thread/INFO]: Entity Activation Range: An 32 / Mo 32 / Ra 48 / Mi 16 / Tiv true / Isa false
[11:57:53] [Server thread/INFO]: Hopper Transfer: 8 Hopper Check: 1 Hopper Amount: 1 Hopper Can Load Chunks: false
[11:57:53] [Server thread/INFO]: Custom Map Seeds:  Village: 10387312 Desert: 14357617 Igloo: 14357618 Jungle: 14357619 Swamp: 14357620 Monument: 10387313 Ocean: 14357621 Shipwreck: 165745295 End City: 10387313 Slime: 987234911 Nether: 30084232 Mansion: 10387319 Fossil: 14357921 Portal: 34222645
[11:57:53] [Server thread/INFO]: Entity Tracking Range: Pl 48 / An 48 / Mo 48 / Mi 32 / Di 128 / Other 64
[11:57:53] [Server thread/INFO]: Max TNT Explosions: 100
[11:57:53] [Server thread/INFO]: Tile Max Tick Time: 50ms Entity max Tick Time: 50ms
[11:57:55] [Server thread/INFO]: -------- World Settings For [world_the_end] --------
[11:57:55] [Server thread/INFO]: Allow Zombie Pigmen to spawn from portal blocks: true
[11:57:55] [Server thread/INFO]: Nerfing mobs spawned from spawners: false
[11:57:55] [Server thread/INFO]: Item Merge Radius: 2.5
[11:57:55] [Server thread/INFO]: Item Despawn Rate: 6000
[11:57:55] [Server thread/INFO]: View Distance: 10
[11:57:55] [Server thread/INFO]: Simulation Distance: 10
[11:57:55] [Server thread/INFO]: Zombie Aggressive Towards Villager: true
[11:57:55] [Server thread/INFO]: Arrow Despawn Rate: 1200 Trident Respawn Rate:1200
[11:57:55] [Server thread/INFO]: Experience Merge Radius: 3.0
[11:57:55] [Server thread/INFO]: Mob Spawn Range: 6
[11:57:55] [Server thread/INFO]: Cactus Growth Modifier: 100%
[11:57:55] [Server thread/INFO]: Cane Growth Modifier: 100%
[11:57:55] [Server thread/INFO]: Melon Growth Modifier: 100%
[11:57:55] [Server thread/INFO]: Mushroom Growth Modifier: 100%
[11:57:55] [Server thread/INFO]: Pumpkin Growth Modifier: 100%
[11:57:55] [Server thread/INFO]: Sapling Growth Modifier: 100%
[11:57:55] [Server thread/INFO]: Beetroot Growth Modifier: 100%
[11:57:55] [Server thread/INFO]: Carrot Growth Modifier: 100%
[11:57:55] [Server thread/INFO]: Potato Growth Modifier: 100%
[11:57:55] [Server thread/INFO]: Wheat Growth Modifier: 100%
[11:57:55] [Server thread/INFO]: NetherWart Growth Modifier: 100%
[11:57:55] [Server thread/INFO]: Vine Growth Modifier: 100%
[11:57:55] [Server thread/INFO]: Cocoa Growth Modifier: 100%
[11:57:55] [Server thread/INFO]: Bamboo Growth Modifier: 100%
[11:57:55] [Server thread/INFO]: SweetBerry Growth Modifier: 100%
[11:57:55] [Server thread/INFO]: Kelp Growth Modifier: 100%
[11:57:55] [Server thread/INFO]: TwistingVines Growth Modifier: 100%
[11:57:55] [Server thread/INFO]: WeepingVines Growth Modifier: 100%
[11:57:55] [Server thread/INFO]: CaveVines Growth Modifier: 100%
[11:57:55] [Server thread/INFO]: Entity Activation Range: An 32 / Mo 32 / Ra 48 / Mi 16 / Tiv true / Isa false
[11:57:55] [Server thread/INFO]: Hopper Transfer: 8 Hopper Check: 1 Hopper Amount: 1 Hopper Can Load Chunks: false
[11:57:55] [Server thread/INFO]: Custom Map Seeds:  Village: 10387312 Desert: 14357617 Igloo: 14357618 Jungle: 14357619 Swamp: 14357620 Monument: 10387313 Ocean: 14357621 Shipwreck: 165745295 End City: 10387313 Slime: 987234911 Nether: 30084232 Mansion: 10387319 Fossil: 14357921 Portal: 34222645
[11:57:55] [Server thread/INFO]: Entity Tracking Range: Pl 48 / An 48 / Mo 48 / Mi 32 / Di 128 / Other 64
[11:57:55] [Server thread/INFO]: Max TNT Explosions: 100
[11:57:55] [Server thread/INFO]: Tile Max Tick Time: 50ms Entity max Tick Time: 50ms
[11:57:55] [Server thread/INFO]: Preparing start region for dimension minecraft:overworld
[11:57:57] [Worker-Main-7/INFO]: Preparing spawn area: 0%
[11:57:57] [Worker-Main-7/INFO]: Preparing spawn area: 0%
[11:57:57] [Worker-Main-7/INFO]: Preparing spawn area: 0%
[11:57:57] [Worker-Main-7/INFO]: Preparing spawn area: 0%
[11:57:57] [Worker-Main-3/INFO]: Preparing spawn area: 0%
[11:57:57] [Worker-Main-3/INFO]: Preparing spawn area: 0%
[11:57:58] [Worker-Main-4/INFO]: Preparing spawn area: 0%
[11:57:58] [Worker-Main-7/INFO]: Preparing spawn area: 6%
[11:57:59] [Worker-Main-2/INFO]: Preparing spawn area: 28%
[11:57:59] [Worker-Main-6/INFO]: Preparing spawn area: 68%
[11:58:00] [Worker-Main-1/INFO]: Preparing spawn area: 80%
[11:58:00] [Worker-Main-2/INFO]: Preparing spawn area: 83%
[11:58:01] [Worker-Main-1/INFO]: Preparing spawn area: 84%
[11:58:01] [Worker-Main-2/INFO]: Preparing spawn area: 87%
[11:58:02] [Worker-Main-5/INFO]: Preparing spawn area: 91%
[11:58:02] [Worker-Main-3/INFO]: Preparing spawn area: 97%
[11:58:02] [Server thread/INFO]: Time elapsed: 7717 ms
[11:58:02] [Server thread/INFO]: Preparing start region for dimension minecraft:the_nether
[11:58:04] [Worker-Main-3/INFO]: Preparing spawn area: 0%
[11:58:04] [Worker-Main-7/INFO]: Preparing spawn area: 0%
[11:58:04] [Worker-Main-7/INFO]: Preparing spawn area: 0%
[11:58:04] [Worker-Main-2/INFO]: Preparing spawn area: 0%
[11:58:04] [Worker-Main-2/INFO]: Preparing spawn area: 13%
[11:58:05] [Worker-Main-7/INFO]: Preparing spawn area: 56%
[11:58:05] [Worker-Main-3/INFO]: Preparing spawn area: 69%
[11:58:06] [Worker-Main-1/INFO]: Preparing spawn area: 71%
[11:58:06] [Worker-Main-2/INFO]: Preparing spawn area: 75%
[11:58:07] [Worker-Main-5/INFO]: Preparing spawn area: 82%
[11:58:07] [Worker-Main-7/INFO]: Preparing spawn area: 84%
[11:58:08] [Worker-Main-6/INFO]: Preparing spawn area: 88%
[11:58:08] [Worker-Main-6/INFO]: Preparing spawn area: 92%
[11:58:09] [Worker-Main-6/INFO]: Preparing spawn area: 98%
[11:58:09] [Server thread/INFO]: Time elapsed: 6793 ms
[11:58:09] [Server thread/INFO]: Preparing start region for dimension minecraft:the_end
[11:58:11] [Worker-Main-5/INFO]: Preparing spawn area: 0%
[11:58:11] [Worker-Main-1/INFO]: Preparing spawn area: 0%
[11:58:11] [Worker-Main-1/INFO]: Preparing spawn area: 0%
[11:58:11] [Worker-Main-5/INFO]: Preparing spawn area: 0%
[11:58:11] [Worker-Main-6/INFO]: Preparing spawn area: 51%
[11:58:12] [Worker-Main-7/INFO]: Preparing spawn area: 88%
[11:58:12] [Server thread/INFO]: Time elapsed: 2737 ms
[11:58:12] [Server thread/INFO]: [hSpawn] Enabling hSpawn v1.2
[11:58:12] [Server thread/INFO]: Server permissions file permissions.yml is empty, ignoring it
[11:58:12] [Server thread/INFO]: Done (19.124s)! For help, type "help"
[11:58:18] [User Authenticator #1/INFO]: UUID of player ht06 is 780ef5d5-d2d2-43e8-a536-267892770415
[11:58:18] [Server thread/INFO]: ht06 joined the game
[11:58:19] [Server thread/INFO]: ht06[/127.0.0.1:61433] logged in with entity id 235 at ([world]22.51842738612254, 65.0, -27.532476420084084)
[11:58:22] [Server thread/INFO]: ht06 lost connection: Disconnected
[11:58:22] [Server thread/INFO]: ht06 left the game
[12:01:20] [Server thread/INFO]: CONSOLE: Please note that this command is not supported and may cause issues when using some plugins.
[12:01:20] [Server thread/INFO]: CONSOLE: If you encounter any issues please use the /stop command to restart your server.
[12:01:20] [Server thread/INFO]: Debug logging is disabled
[12:01:20] [Server thread/INFO]: Server Ping Player Sample Count: 12
[12:01:20] [Server thread/INFO]: Using 4 threads for Netty based IO
[12:01:20] [Server thread/INFO]: -------- World Settings For [world] --------
[12:01:20] [Server thread/INFO]: Allow Zombie Pigmen to spawn from portal blocks: true
[12:01:20] [Server thread/INFO]: Nerfing mobs spawned from spawners: false
[12:01:20] [Server thread/INFO]: Item Merge Radius: 2.5
[12:01:20] [Server thread/INFO]: Item Despawn Rate: 6000
[12:01:20] [Server thread/INFO]: View Distance: 10
[12:01:20] [Server thread/INFO]: Simulation Distance: 10
[12:01:20] [Server thread/INFO]: Zombie Aggressive Towards Villager: true
[12:01:20] [Server thread/INFO]: Arrow Despawn Rate: 1200 Trident Respawn Rate:1200
[12:01:20] [Server thread/INFO]: Experience Merge Radius: 3.0
[12:01:20] [Server thread/INFO]: Mob Spawn Range: 6
[12:01:20] [Server thread/INFO]: Cactus Growth Modifier: 100%
[12:01:20] [Server thread/INFO]: Cane Growth Modifier: 100%
[12:01:20] [Server thread/INFO]: Melon Growth Modifier: 100%
[12:01:20] [Server thread/INFO]: Mushroom Growth Modifier: 100%
[12:01:20] [Server thread/INFO]: Pumpkin Growth Modifier: 100%
[12:01:20] [Server thread/INFO]: Sapling Growth Modifier: 100%
[12:01:20] [Server thread/INFO]: Beetroot Growth Modifier: 100%
[12:01:20] [Server thread/INFO]: Carrot Growth Modifier: 100%
[12:01:20] [Server thread/INFO]: Potato Growth Modifier: 100%
[12:01:20] [Server thread/INFO]: Wheat Growth Modifier: 100%
[12:01:20] [Server thread/INFO]: NetherWart Growth Modifier: 100%
[12:01:20] [Server thread/INFO]: Vine Growth Modifier: 100%
[12:01:20] [Server thread/INFO]: Cocoa Growth Modifier: 100%
[12:01:20] [Server thread/INFO]: Bamboo Growth Modifier: 100%
[12:01:20] [Server thread/INFO]: SweetBerry Growth Modifier: 100%
[12:01:20] [Server thread/INFO]: Kelp Growth Modifier: 100%
[12:01:20] [Server thread/INFO]: TwistingVines Growth Modifier: 100%
[12:01:20] [Server thread/INFO]: WeepingVines Growth Modifier: 100%
[12:01:20] [Server thread/INFO]: CaveVines Growth Modifier: 100%
[12:01:20] [Server thread/INFO]: Entity Activation Range: An 32 / Mo 32 / Ra 48 / Mi 16 / Tiv true / Isa false
[12:01:20] [Server thread/INFO]: Hopper Transfer: 8 Hopper Check: 1 Hopper Amount: 1 Hopper Can Load Chunks: false
[12:01:20] [Server thread/INFO]: Custom Map Seeds:  Village: 10387312 Desert: 14357617 Igloo: 14357618 Jungle: 14357619 Swamp: 14357620 Monument: 10387313 Ocean: 14357621 Shipwreck: 165745295 End City: 10387313 Slime: 987234911 Nether: 30084232 Mansion: 10387319 Fossil: 14357921 Portal: 34222645
[12:01:20] [Server thread/INFO]: Entity Tracking Range: Pl 48 / An 48 / Mo 48 / Mi 32 / Di 128 / Other 64
[12:01:20] [Server thread/INFO]: Max TNT Explosions: 100
[12:01:20] [Server thread/INFO]: Tile Max Tick Time: 50ms Entity max Tick Time: 50ms
[12:01:20] [Server thread/INFO]: -------- World Settings For [world_nether] --------
[12:01:20] [Server thread/INFO]: Allow Zombie Pigmen to spawn from portal blocks: true
[12:01:20] [Server thread/INFO]: Nerfing mobs spawned from spawners: false
[12:01:20] [Server thread/INFO]: Item Merge Radius: 2.5
[12:01:20] [Server thread/INFO]: Item Despawn Rate: 6000
[12:01:20] [Server thread/INFO]: View Distance: 10
[12:01:20] [Server thread/INFO]: Simulation Distance: 10
[12:01:20] [Server thread/INFO]: Zombie Aggressive Towards Villager: true
[12:01:20] [Server thread/INFO]: Arrow Despawn Rate: 1200 Trident Respawn Rate:1200
[12:01:20] [Server thread/INFO]: Experience Merge Radius: 3.0
[12:01:20] [Server thread/INFO]: Mob Spawn Range: 6
[12:01:20] [Server thread/INFO]: Cactus Growth Modifier: 100%
[12:01:20] [Server thread/INFO]: Cane Growth Modifier: 100%
[12:01:20] [Server thread/INFO]: Melon Growth Modifier: 100%
[12:01:20] [Server thread/INFO]: Mushroom Growth Modifier: 100%
[12:01:20] [Server thread/INFO]: Pumpkin Growth Modifier: 100%
[12:01:20] [Server thread/INFO]: Sapling Growth Modifier: 100%
[12:01:20] [Server thread/INFO]: Beetroot Growth Modifier: 100%
[12:01:20] [Server thread/INFO]: Carrot Growth Modifier: 100%
[12:01:20] [Server thread/INFO]: Potato Growth Modifier: 100%
[12:01:20] [Server thread/INFO]: Wheat Growth Modifier: 100%
[12:01:20] [Server thread/INFO]: NetherWart Growth Modifier: 100%
[12:01:20] [Server thread/INFO]: Vine Growth Modifier: 100%
[12:01:20] [Server thread/INFO]: Cocoa Growth Modifier: 100%
[12:01:20] [Server thread/INFO]: Bamboo Growth Modifier: 100%
[12:01:20] [Server thread/INFO]: SweetBerry Growth Modifier: 100%
[12:01:20] [Server thread/INFO]: Kelp Growth Modifier: 100%
[12:01:20] [Server thread/INFO]: TwistingVines Growth Modifier: 100%
[12:01:20] [Server thread/INFO]: WeepingVines Growth Modifier: 100%
[12:01:20] [Server thread/INFO]: CaveVines Growth Modifier: 100%
[12:01:20] [Server thread/INFO]: Entity Activation Range: An 32 / Mo 32 / Ra 48 / Mi 16 / Tiv true / Isa false
[12:01:20] [Server thread/INFO]: Hopper Transfer: 8 Hopper Check: 1 Hopper Amount: 1 Hopper Can Load Chunks: false
[12:01:20] [Server thread/INFO]: Custom Map Seeds:  Village: 10387312 Desert: 14357617 Igloo: 14357618 Jungle: 14357619 Swamp: 14357620 Monument: 10387313 Ocean: 14357621 Shipwreck: 165745295 End City: 10387313 Slime: 987234911 Nether: 30084232 Mansion: 10387319 Fossil: 14357921 Portal: 34222645
[12:01:20] [Server thread/INFO]: Entity Tracking Range: Pl 48 / An 48 / Mo 48 / Mi 32 / Di 128 / Other 64
[12:01:20] [Server thread/INFO]: Max TNT Explosions: 100
[12:01:20] [Server thread/INFO]: Tile Max Tick Time: 50ms Entity max Tick Time: 50ms
[12:01:20] [Server thread/INFO]: -------- World Settings For [world_the_end] --------
[12:01:20] [Server thread/INFO]: Allow Zombie Pigmen to spawn from portal blocks: true
[12:01:20] [Server thread/INFO]: Nerfing mobs spawned from spawners: false
[12:01:20] [Server thread/INFO]: Item Merge Radius: 2.5
[12:01:20] [Server thread/INFO]: Item Despawn Rate: 6000
[12:01:20] [Server thread/INFO]: View Distance: 10
[12:01:20] [Server thread/INFO]: Simulation Distance: 10
[12:01:20] [Server thread/INFO]: Zombie Aggressive Towards Villager: true
[12:01:20] [Server thread/INFO]: Arrow Despawn Rate: 1200 Trident Respawn Rate:1200
[12:01:20] [Server thread/INFO]: Experience Merge Radius: 3.0
[12:01:20] [Server thread/INFO]: Mob Spawn Range: 6
[12:01:20] [Server thread/INFO]: Cactus Growth Modifier: 100%
[12:01:20] [Server thread/INFO]: Cane Growth Modifier: 100%
[12:01:20] [Server thread/INFO]: Melon Growth Modifier: 100%
[12:01:20] [Server thread/INFO]: Mushroom Growth Modifier: 100%
[12:01:20] [Server thread/INFO]: Pumpkin Growth Modifier: 100%
[12:01:20] [Server thread/INFO]: Sapling Growth Modifier: 100%
[12:01:20] [Server thread/INFO]: Beetroot Growth Modifier: 100%
[12:01:20] [Server thread/INFO]: Carrot Growth Modifier: 100%
[12:01:20] [Server thread/INFO]: Potato Growth Modifier: 100%
[12:01:20] [Server thread/INFO]: Wheat Growth Modifier: 100%
[12:01:20] [Server thread/INFO]: NetherWart Growth Modifier: 100%
[12:01:20] [Server thread/INFO]: Vine Growth Modifier: 100%
[12:01:20] [Server thread/INFO]: Cocoa Growth Modifier: 100%
[12:01:20] [Server thread/INFO]: Bamboo Growth Modifier: 100%
[12:01:20] [Server thread/INFO]: SweetBerry Growth Modifier: 100%
[12:01:20] [Server thread/INFO]: Kelp Growth Modifier: 100%
[12:01:20] [Server thread/INFO]: TwistingVines Growth Modifier: 100%
[12:01:20] [Server thread/INFO]: WeepingVines Growth Modifier: 100%
[12:01:20] [Server thread/INFO]: CaveVines Growth Modifier: 100%
[12:01:20] [Server thread/INFO]: Entity Activation Range: An 32 / Mo 32 / Ra 48 / Mi 16 / Tiv true / Isa false
[12:01:20] [Server thread/INFO]: Hopper Transfer: 8 Hopper Check: 1 Hopper Amount: 1 Hopper Can Load Chunks: false
[12:01:20] [Server thread/INFO]: Custom Map Seeds:  Village: 10387312 Desert: 14357617 Igloo: 14357618 Jungle: 14357619 Swamp: 14357620 Monument: 10387313 Ocean: 14357621 Shipwreck: 165745295 End City: 10387313 Slime: 987234911 Nether: 30084232 Mansion: 10387319 Fossil: 14357921 Portal: 34222645
[12:01:20] [Server thread/INFO]: Entity Tracking Range: Pl 48 / An 48 / Mo 48 / Mi 32 / Di 128 / Other 64
[12:01:20] [Server thread/INFO]: Max TNT Explosions: 100
[12:01:20] [Server thread/INFO]: Tile Max Tick Time: 50ms Entity max Tick Time: 50ms
[12:01:20] [Server thread/INFO]: [hSpawn] Disabling hSpawn v1.2
[12:01:20] [Server thread/INFO]: Loaded 7 recipes
[12:01:21] [Server thread/INFO]: [hSpawn] Loading hSpawn v1.2
[12:01:21] [Server thread/INFO]: [hSpawn] Enabling hSpawn v1.2
[12:01:21] [Server thread/INFO]: Server permissions file permissions.yml is empty, ignoring it
[12:01:21] [Server thread/INFO]: CONSOLE: Reload complete.
[12:01:32] [Server thread/INFO]: com.mojang.authlib.GameProfile@47be20cb[id=<null>,name=ht06,properties={},legacy=false] (/127.0.0.1:61508) lost connection: Disconnected
[12:01:35] [User Authenticator #2/INFO]: UUID of player ht06 is 780ef5d5-d2d2-43e8-a536-267892770415
[12:01:35] [Server thread/INFO]: ht06 joined the game
[12:01:35] [Server thread/INFO]: ht06[/127.0.0.1:61568] logged in with entity id 248 at ([world]22.51842738612254, 65.0, -27.532476420084084)
[12:04:27] [Server thread/INFO]: CONSOLE: Please note that this command is not supported and may cause issues when using some plugins.
[12:04:27] [Server thread/INFO]: CONSOLE: If you encounter any issues please use the /stop command to restart your server.
[12:04:27] [Server thread/INFO]: Debug logging is disabled
[12:04:27] [Server thread/INFO]: Server Ping Player Sample Count: 12
[12:04:27] [Server thread/INFO]: Using 4 threads for Netty based IO
[12:04:27] [Server thread/INFO]: -------- World Settings For [world] --------
[12:04:27] [Server thread/INFO]: Allow Zombie Pigmen to spawn from portal blocks: true
[12:04:27] [Server thread/INFO]: Nerfing mobs spawned from spawners: false
[12:04:27] [Server thread/INFO]: Item Merge Radius: 2.5
[12:04:27] [Server thread/INFO]: Item Despawn Rate: 6000
[12:04:27] [Server thread/INFO]: View Distance: 10
[12:04:27] [Server thread/INFO]: Simulation Distance: 10
[12:04:27] [Server thread/INFO]: Zombie Aggressive Towards Villager: true
[12:04:27] [Server thread/INFO]: Arrow Despawn Rate: 1200 Trident Respawn Rate:1200
[12:04:27] [Server thread/INFO]: Experience Merge Radius: 3.0
[12:04:27] [Server thread/INFO]: Mob Spawn Range: 6
[12:04:27] [Server thread/INFO]: Cactus Growth Modifier: 100%
[12:04:27] [Server thread/INFO]: Cane Growth Modifier: 100%
[12:04:27] [Server thread/INFO]: Melon Growth Modifier: 100%
[12:04:27] [Server thread/INFO]: Mushroom Growth Modifier: 100%
[12:04:27] [Server thread/INFO]: Pumpkin Growth Modifier: 100%
[12:04:27] [Server thread/INFO]: Sapling Growth Modifier: 100%
[12:04:27] [Server thread/INFO]: Beetroot Growth Modifier: 100%
[12:04:27] [Server thread/INFO]: Carrot Growth Modifier: 100%
[12:04:27] [Server thread/INFO]: Potato Growth Modifier: 100%
[12:04:27] [Server thread/INFO]: Wheat Growth Modifier: 100%
[12:04:27] [Server thread/INFO]: NetherWart Growth Modifier: 100%
[12:04:27] [Server thread/INFO]: Vine Growth Modifier: 100%
[12:04:27] [Server thread/INFO]: Cocoa Growth Modifier: 100%
[12:04:27] [Server thread/INFO]: Bamboo Growth Modifier: 100%
[12:04:27] [Server thread/INFO]: SweetBerry Growth Modifier: 100%
[12:04:27] [Server thread/INFO]: Kelp Growth Modifier: 100%
[12:04:27] [Server thread/INFO]: TwistingVines Growth Modifier: 100%
[12:04:27] [Server thread/INFO]: WeepingVines Growth Modifier: 100%
[12:04:27] [Server thread/INFO]: CaveVines Growth Modifier: 100%
[12:04:27] [Server thread/INFO]: Entity Activation Range: An 32 / Mo 32 / Ra 48 / Mi 16 / Tiv true / Isa false
[12:04:27] [Server thread/INFO]: Hopper Transfer: 8 Hopper Check: 1 Hopper Amount: 1 Hopper Can Load Chunks: false
[12:04:27] [Server thread/INFO]: Custom Map Seeds:  Village: 10387312 Desert: 14357617 Igloo: 14357618 Jungle: 14357619 Swamp: 14357620 Monument: 10387313 Ocean: 14357621 Shipwreck: 165745295 End City: 10387313 Slime: 987234911 Nether: 30084232 Mansion: 10387319 Fossil: 14357921 Portal: 34222645
[12:04:27] [Server thread/INFO]: Entity Tracking Range: Pl 48 / An 48 / Mo 48 / Mi 32 / Di 128 / Other 64
[12:04:27] [Server thread/INFO]: Max TNT Explosions: 100
[12:04:27] [Server thread/INFO]: Tile Max Tick Time: 50ms Entity max Tick Time: 50ms
[12:04:28] [Server thread/INFO]: -------- World Settings For [world_nether] --------
[12:04:28] [Server thread/INFO]: Allow Zombie Pigmen to spawn from portal blocks: true
[12:04:28] [Server thread/INFO]: Nerfing mobs spawned from spawners: false
[12:04:28] [Server thread/INFO]: Item Merge Radius: 2.5
[12:04:28] [Server thread/INFO]: Item Despawn Rate: 6000
[12:04:28] [Server thread/INFO]: View Distance: 10
[12:04:28] [Server thread/INFO]: Simulation Distance: 10
[12:04:28] [Server thread/INFO]: Zombie Aggressive Towards Villager: true
[12:04:28] [Server thread/INFO]: Arrow Despawn Rate: 1200 Trident Respawn Rate:1200
[12:04:28] [Server thread/INFO]: Experience Merge Radius: 3.0
[12:04:28] [Server thread/INFO]: Mob Spawn Range: 6
[12:04:28] [Server thread/INFO]: Cactus Growth Modifier: 100%
[12:04:28] [Server thread/INFO]: Cane Growth Modifier: 100%
[12:04:28] [Server thread/INFO]: Melon Growth Modifier: 100%
[12:04:28] [Server thread/INFO]: Mushroom Growth Modifier: 100%
[12:04:28] [Server thread/INFO]: Pumpkin Growth Modifier: 100%
[12:04:28] [Server thread/INFO]: Sapling Growth Modifier: 100%
[12:04:28] [Server thread/INFO]: Beetroot Growth Modifier: 100%
[12:04:28] [Server thread/INFO]: Carrot Growth Modifier: 100%
[12:04:28] [Server thread/INFO]: Potato Growth Modifier: 100%
[12:04:28] [Server thread/INFO]: Wheat Growth Modifier: 100%
[12:04:28] [Server thread/INFO]: NetherWart Growth Modifier: 100%
[12:04:28] [Server thread/INFO]: Vine Growth Modifier: 100%
[12:04:28] [Server thread/INFO]: Cocoa Growth Modifier: 100%
[12:04:28] [Server thread/INFO]: Bamboo Growth Modifier: 100%
[12:04:28] [Server thread/INFO]: SweetBerry Growth Modifier: 100%
[12:04:28] [Server thread/INFO]: Kelp Growth Modifier: 100%
[12:04:28] [Server thread/INFO]: TwistingVines Growth Modifier: 100%
[12:04:28] [Server thread/INFO]: WeepingVines Growth Modifier: 100%
[12:04:28] [Server thread/INFO]: CaveVines Growth Modifier: 100%
[12:04:28] [Server thread/INFO]: Entity Activation Range: An 32 / Mo 32 / Ra 48 / Mi 16 / Tiv true / Isa false
[12:04:28] [Server thread/INFO]: Hopper Transfer: 8 Hopper Check: 1 Hopper Amount: 1 Hopper Can Load Chunks: false
[12:04:28] [Server thread/INFO]: Custom Map Seeds:  Village: 10387312 Desert: 14357617 Igloo: 14357618 Jungle: 14357619 Swamp: 14357620 Monument: 10387313 Ocean: 14357621 Shipwreck: 165745295 End City: 10387313 Slime: 987234911 Nether: 30084232 Mansion: 10387319 Fossil: 14357921 Portal: 34222645
[12:04:28] [Server thread/INFO]: Entity Tracking Range: Pl 48 / An 48 / Mo 48 / Mi 32 / Di 128 / Other 64
[12:04:28] [Server thread/INFO]: Max TNT Explosions: 100
[12:04:28] [Server thread/INFO]: Tile Max Tick Time: 50ms Entity max Tick Time: 50ms
[12:04:28] [Server thread/INFO]: -------- World Settings For [world_the_end] --------
[12:04:28] [Server thread/INFO]: Allow Zombie Pigmen to spawn from portal blocks: true
[12:04:28] [Server thread/INFO]: Nerfing mobs spawned from spawners: false
[12:04:28] [Server thread/INFO]: Item Merge Radius: 2.5
[12:04:28] [Server thread/INFO]: Item Despawn Rate: 6000
[12:04:28] [Server thread/INFO]: View Distance: 10
[12:04:28] [Server thread/INFO]: Simulation Distance: 10
[12:04:28] [Server thread/INFO]: Zombie Aggressive Towards Villager: true
[12:04:28] [Server thread/INFO]: Arrow Despawn Rate: 1200 Trident Respawn Rate:1200
[12:04:28] [Server thread/INFO]: Experience Merge Radius: 3.0
[12:04:28] [Server thread/INFO]: Mob Spawn Range: 6
[12:04:28] [Server thread/INFO]: Cactus Growth Modifier: 100%
[12:04:28] [Server thread/INFO]: Cane Growth Modifier: 100%
[12:04:28] [Server thread/INFO]: Melon Growth Modifier: 100%
[12:04:28] [Server thread/INFO]: Mushroom Growth Modifier: 100%
[12:04:28] [Server thread/INFO]: Pumpkin Growth Modifier: 100%
[12:04:28] [Server thread/INFO]: Sapling Growth Modifier: 100%
[12:04:28] [Server thread/INFO]: Beetroot Growth Modifier: 100%
[12:04:28] [Server thread/INFO]: Carrot Growth Modifier: 100%
[12:04:28] [Server thread/INFO]: Potato Growth Modifier: 100%
[12:04:28] [Server thread/INFO]: Wheat Growth Modifier: 100%
[12:04:28] [Server thread/INFO]: NetherWart Growth Modifier: 100%
[12:04:28] [Server thread/INFO]: Vine Growth Modifier: 100%
[12:04:28] [Server thread/INFO]: Cocoa Growth Modifier: 100%
[12:04:28] [Server thread/INFO]: Bamboo Growth Modifier: 100%
[12:04:28] [Server thread/INFO]: SweetBerry Growth Modifier: 100%
[12:04:28] [Server thread/INFO]: Kelp Growth Modifier: 100%
[12:04:28] [Server thread/INFO]: TwistingVines Growth Modifier: 100%
[12:04:28] [Server thread/INFO]: WeepingVines Growth Modifier: 100%
[12:04:28] [Server thread/INFO]: CaveVines Growth Modifier: 100%
[12:04:28] [Server thread/INFO]: Entity Activation Range: An 32 / Mo 32 / Ra 48 / Mi 16 / Tiv true / Isa false
[12:04:28] [Server thread/INFO]: Hopper Transfer: 8 Hopper Check: 1 Hopper Amount: 1 Hopper Can Load Chunks: false
[12:04:28] [Server thread/INFO]: Custom Map Seeds:  Village: 10387312 Desert: 14357617 Igloo: 14357618 Jungle: 14357619 Swamp: 14357620 Monument: 10387313 Ocean: 14357621 Shipwreck: 165745295 End City: 10387313 Slime: 987234911 Nether: 30084232 Mansion: 10387319 Fossil: 14357921 Portal: 34222645
[12:04:28] [Server thread/INFO]: Entity Tracking Range: Pl 48 / An 48 / Mo 48 / Mi 32 / Di 128 / Other 64
[12:04:28] [Server thread/INFO]: Max TNT Explosions: 100
[12:04:28] [Server thread/INFO]: Tile Max Tick Time: 50ms Entity max Tick Time: 50ms
[12:04:28] [Server thread/INFO]: [hSpawn] Disabling hSpawn v1.2
[12:04:28] [Server thread/INFO]: Loaded 7 recipes
[12:04:29] [Server thread/INFO]: [hSpawn] Loading hSpawn v1.2
[12:04:29] [Server thread/INFO]: [hSpawn] Enabling hSpawn v1.2
[12:04:29] [Server thread/INFO]: Server permissions file permissions.yml is empty, ignoring it
[12:04:29] [Server thread/INFO]: CONSOLE: Reload complete.
[12:04:32] [Server thread/INFO]: ht06 lost connection: Disconnected
[12:04:32] [Server thread/INFO]: ht06 left the server
[12:04:35] [User Authenticator #3/INFO]: UUID of player ht06 is 780ef5d5-d2d2-43e8-a536-267892770415
[12:04:35] [Server thread/INFO]: coucou
[12:04:35] [Server thread/INFO]: ht06[/127.0.0.1:61677] logged in with entity id 597 at ([world]22.51842738612254, 65.0, -27.532476420084084)
[12:06:43] [Server thread/INFO]: ht06 issued server command: /rl
[12:06:43] [Server thread/INFO]: ht06: Please note that this command is not supported and may cause issues when using some plugins.
[12:06:43] [Server thread/INFO]: ht06: If you encounter any issues please use the /stop command to restart your server.
[12:06:43] [Server thread/INFO]: Debug logging is disabled
[12:06:43] [Server thread/INFO]: Server Ping Player Sample Count: 12
[12:06:43] [Server thread/INFO]: Using 4 threads for Netty based IO
[12:06:43] [Server thread/INFO]: -------- World Settings For [world] --------
[12:06:43] [Server thread/INFO]: Allow Zombie Pigmen to spawn from portal blocks: true
[12:06:43] [Server thread/INFO]: Nerfing mobs spawned from spawners: false
[12:06:43] [Server thread/INFO]: Item Merge Radius: 2.5
[12:06:43] [Server thread/INFO]: Item Despawn Rate: 6000
[12:06:43] [Server thread/INFO]: View Distance: 10
[12:06:43] [Server thread/INFO]: Simulation Distance: 10
[12:06:43] [Server thread/INFO]: Zombie Aggressive Towards Villager: true
[12:06:43] [Server thread/INFO]: Arrow Despawn Rate: 1200 Trident Respawn Rate:1200
[12:06:43] [Server thread/INFO]: Experience Merge Radius: 3.0
[12:06:43] [Server thread/INFO]: Mob Spawn Range: 6
[12:06:43] [Server thread/INFO]: Cactus Growth Modifier: 100%
[12:06:43] [Server thread/INFO]: Cane Growth Modifier: 100%
[12:06:43] [Server thread/INFO]: Melon Growth Modifier: 100%
[12:06:43] [Server thread/INFO]: Mushroom Growth Modifier: 100%
[12:06:43] [Server thread/INFO]: Pumpkin Growth Modifier: 100%
[12:06:43] [Server thread/INFO]: Sapling Growth Modifier: 100%
[12:06:43] [Server thread/INFO]: Beetroot Growth Modifier: 100%
[12:06:43] [Server thread/INFO]: Carrot Growth Modifier: 100%
[12:06:43] [Server thread/INFO]: Potato Growth Modifier: 100%
[12:06:43] [Server thread/INFO]: Wheat Growth Modifier: 100%
[12:06:43] [Server thread/INFO]: NetherWart Growth Modifier: 100%
[12:06:43] [Server thread/INFO]: Vine Growth Modifier: 100%
[12:06:43] [Server thread/INFO]: Cocoa Growth Modifier: 100%
[12:06:43] [Server thread/INFO]: Bamboo Growth Modifier: 100%
[12:06:43] [Server thread/INFO]: SweetBerry Growth Modifier: 100%
[12:06:43] [Server thread/INFO]: Kelp Growth Modifier: 100%
[12:06:43] [Server thread/INFO]: TwistingVines Growth Modifier: 100%
[12:06:43] [Server thread/INFO]: WeepingVines Growth Modifier: 100%
[12:06:43] [Server thread/INFO]: CaveVines Growth Modifier: 100%
[12:06:43] [Server thread/INFO]: Entity Activation Range: An 32 / Mo 32 / Ra 48 / Mi 16 / Tiv true / Isa false
[12:06:43] [Server thread/INFO]: Hopper Transfer: 8 Hopper Check: 1 Hopper Amount: 1 Hopper Can Load Chunks: false
[12:06:43] [Server thread/INFO]: Custom Map Seeds:  Village: 10387312 Desert: 14357617 Igloo: 14357618 Jungle: 14357619 Swamp: 14357620 Monument: 10387313 Ocean: 14357621 Shipwreck: 165745295 End City: 10387313 Slime: 987234911 Nether: 30084232 Mansion: 10387319 Fossil: 14357921 Portal: 34222645
[12:06:43] [Server thread/INFO]: Entity Tracking Range: Pl 48 / An 48 / Mo 48 / Mi 32 / Di 128 / Other 64
[12:06:43] [Server thread/INFO]: Max TNT Explosions: 100
[12:06:43] [Server thread/INFO]: Tile Max Tick Time: 50ms Entity max Tick Time: 50ms
[12:06:43] [Server thread/INFO]: -------- World Settings For [world_nether] --------
[12:06:43] [Server thread/INFO]: Allow Zombie Pigmen to spawn from portal blocks: true
[12:06:43] [Server thread/INFO]: Nerfing mobs spawned from spawners: false
[12:06:43] [Server thread/INFO]: Item Merge Radius: 2.5
[12:06:43] [Server thread/INFO]: Item Despawn Rate: 6000
[12:06:43] [Server thread/INFO]: View Distance: 10
[12:06:43] [Server thread/INFO]: Simulation Distance: 10
[12:06:43] [Server thread/INFO]: Zombie Aggressive Towards Villager: true
[12:06:43] [Server thread/INFO]: Arrow Despawn Rate: 1200 Trident Respawn Rate:1200
[12:06:43] [Server thread/INFO]: Experience Merge Radius: 3.0
[12:06:43] [Server thread/INFO]: Mob Spawn Range: 6
[12:06:43] [Server thread/INFO]: Cactus Growth Modifier: 100%
[12:06:43] [Server thread/INFO]: Cane Growth Modifier: 100%
[12:06:43] [Server thread/INFO]: Melon Growth Modifier: 100%
[12:06:43] [Server thread/INFO]: Mushroom Growth Modifier: 100%
[12:06:43] [Server thread/INFO]: Pumpkin Growth Modifier: 100%
[12:06:43] [Server thread/INFO]: Sapling Growth Modifier: 100%
[12:06:43] [Server thread/INFO]: Beetroot Growth Modifier: 100%
[12:06:43] [Server thread/INFO]: Carrot Growth Modifier: 100%
[12:06:43] [Server thread/INFO]: Potato Growth Modifier: 100%
[12:06:43] [Server thread/INFO]: Wheat Growth Modifier: 100%
[12:06:43] [Server thread/INFO]: NetherWart Growth Modifier: 100%
[12:06:43] [Server thread/INFO]: Vine Growth Modifier: 100%
[12:06:43] [Server thread/INFO]: Cocoa Growth Modifier: 100%
[12:06:43] [Server thread/INFO]: Bamboo Growth Modifier: 100%
[12:06:43] [Server thread/INFO]: SweetBerry Growth Modifier: 100%
[12:06:43] [Server thread/INFO]: Kelp Growth Modifier: 100%
[12:06:43] [Server thread/INFO]: TwistingVines Growth Modifier: 100%
[12:06:43] [Server thread/INFO]: WeepingVines Growth Modifier: 100%
[12:06:43] [Server thread/INFO]: CaveVines Growth Modifier: 100%
[12:06:43] [Server thread/INFO]: Entity Activation Range: An 32 / Mo 32 / Ra 48 / Mi 16 / Tiv true / Isa false
[12:06:43] [Server thread/INFO]: Hopper Transfer: 8 Hopper Check: 1 Hopper Amount: 1 Hopper Can Load Chunks: false
[12:06:43] [Server thread/INFO]: Custom Map Seeds:  Village: 10387312 Desert: 14357617 Igloo: 14357618 Jungle: 14357619 Swamp: 14357620 Monument: 10387313 Ocean: 14357621 Shipwreck: 165745295 End City: 10387313 Slime: 987234911 Nether: 30084232 Mansion: 10387319 Fossil: 14357921 Portal: 34222645
[12:06:43] [Server thread/INFO]: Entity Tracking Range: Pl 48 / An 48 / Mo 48 / Mi 32 / Di 128 / Other 64
[12:06:43] [Server thread/INFO]: Max TNT Explosions: 100
[12:06:43] [Server thread/INFO]: Tile Max Tick Time: 50ms Entity max Tick Time: 50ms
[12:06:43] [Server thread/INFO]: -------- World Settings For [world_the_end] --------
[12:06:43] [Server thread/INFO]: Allow Zombie Pigmen to spawn from portal blocks: true
[12:06:43] [Server thread/INFO]: Nerfing mobs spawned from spawners: false
[12:06:43] [Server thread/INFO]: Item Merge Radius: 2.5
[12:06:43] [Server thread/INFO]: Item Despawn Rate: 6000
[12:06:43] [Server thread/INFO]: View Distance: 10
[12:06:43] [Server thread/INFO]: Simulation Distance: 10
[12:06:43] [Server thread/INFO]: Zombie Aggressive Towards Villager: true
[12:06:43] [Server thread/INFO]: Arrow Despawn Rate: 1200 Trident Respawn Rate:1200
[12:06:43] [Server thread/INFO]: Experience Merge Radius: 3.0
[12:06:43] [Server thread/INFO]: Mob Spawn Range: 6
[12:06:43] [Server thread/INFO]: Cactus Growth Modifier: 100%
[12:06:43] [Server thread/INFO]: Cane Growth Modifier: 100%
[12:06:43] [Server thread/INFO]: Melon Growth Modifier: 100%
[12:06:43] [Server thread/INFO]: Mushroom Growth Modifier: 100%
[12:06:43] [Server thread/INFO]: Pumpkin Growth Modifier: 100%
[12:06:43] [Server thread/INFO]: Sapling Growth Modifier: 100%
[12:06:43] [Server thread/INFO]: Beetroot Growth Modifier: 100%
[12:06:43] [Server thread/INFO]: Carrot Growth Modifier: 100%
[12:06:43] [Server thread/INFO]: Potato Growth Modifier: 100%
[12:06:43] [Server thread/INFO]: Wheat Growth Modifier: 100%
[12:06:43] [Server thread/INFO]: NetherWart Growth Modifier: 100%
[12:06:43] [Server thread/INFO]: Vine Growth Modifier: 100%
[12:06:43] [Server thread/INFO]: Cocoa Growth Modifier: 100%
[12:06:43] [Server thread/INFO]: Bamboo Growth Modifier: 100%
[12:06:43] [Server thread/INFO]: SweetBerry Growth Modifier: 100%
[12:06:43] [Server thread/INFO]: Kelp Growth Modifier: 100%
[12:06:43] [Server thread/INFO]: TwistingVines Growth Modifier: 100%
[12:06:43] [Server thread/INFO]: WeepingVines Growth Modifier: 100%
[12:06:43] [Server thread/INFO]: CaveVines Growth Modifier: 100%
[12:06:43] [Server thread/INFO]: Entity Activation Range: An 32 / Mo 32 / Ra 48 / Mi 16 / Tiv true / Isa false
[12:06:43] [Server thread/INFO]: Hopper Transfer: 8 Hopper Check: 1 Hopper Amount: 1 Hopper Can Load Chunks: false
[12:06:43] [Server thread/INFO]: Custom Map Seeds:  Village: 10387312 Desert: 14357617 Igloo: 14357618 Jungle: 14357619 Swamp: 14357620 Monument: 10387313 Ocean: 14357621 Shipwreck: 165745295 End City: 10387313 Slime: 987234911 Nether: 30084232 Mansion: 10387319 Fossil: 14357921 Portal: 34222645
[12:06:43] [Server thread/INFO]: Entity Tracking Range: Pl 48 / An 48 / Mo 48 / Mi 32 / Di 128 / Other 64
[12:06:43] [Server thread/INFO]: Max TNT Explosions: 100
[12:06:43] [Server thread/INFO]: Tile Max Tick Time: 50ms Entity max Tick Time: 50ms
[12:06:43] [Server thread/INFO]: [hSpawn] Disabling hSpawn v1.2
[12:06:43] [Server thread/INFO]: Loaded 7 recipes
[12:06:44] [Server thread/INFO]: [hSpawn] Loading hSpawn v1.2
[12:06:44] [Server thread/INFO]: [hSpawn] Enabling hSpawn v1.2
[12:06:44] [Server thread/INFO]: Server permissions file permissions.yml is empty, ignoring it
[12:06:44] [Server thread/INFO]: ht06: Reload complete.
[12:06:53] [Server thread/INFO]: ht06 issued server command: /tps
[12:06:56] [Server thread/INFO]: ht06 lost connection: Disconnected
[12:06:56] [Server thread/INFO]: ht06 left the server lol
[12:06:58] [User Authenticator #4/INFO]: UUID of player ht06 is 780ef5d5-d2d2-43e8-a536-267892770415
[12:06:58] [Server thread/INFO]: ht06 join the server lol
[12:06:58] [Server thread/INFO]: ht06[/127.0.0.1:61764] logged in with entity id 884 at ([world]22.517412675910933, 65.0, -27.74921559360823)
[12:08:50] [Server thread/INFO]: ht06 issued server command: /rl
[12:08:50] [Server thread/INFO]: ht06: Please note that this command is not supported and may cause issues when using some plugins.
[12:08:50] [Server thread/INFO]: ht06: If you encounter any issues please use the /stop command to restart your server.
[12:08:50] [Server thread/INFO]: Debug logging is disabled
[12:08:50] [Server thread/INFO]: Server Ping Player Sample Count: 12
[12:08:50] [Server thread/INFO]: Using 4 threads for Netty based IO
[12:08:50] [Server thread/INFO]: -------- World Settings For [world] --------
[12:08:50] [Server thread/INFO]: Allow Zombie Pigmen to spawn from portal blocks: true
[12:08:50] [Server thread/INFO]: Nerfing mobs spawned from spawners: false
[12:08:50] [Server thread/INFO]: Item Merge Radius: 2.5
[12:08:50] [Server thread/INFO]: Item Despawn Rate: 6000
[12:08:50] [Server thread/INFO]: View Distance: 10
[12:08:50] [Server thread/INFO]: Simulation Distance: 10
[12:08:50] [Server thread/INFO]: Zombie Aggressive Towards Villager: true
[12:08:50] [Server thread/INFO]: Arrow Despawn Rate: 1200 Trident Respawn Rate:1200
[12:08:50] [Server thread/INFO]: Experience Merge Radius: 3.0
[12:08:50] [Server thread/INFO]: Mob Spawn Range: 6
[12:08:50] [Server thread/INFO]: Cactus Growth Modifier: 100%
[12:08:50] [Server thread/INFO]: Cane Growth Modifier: 100%
[12:08:50] [Server thread/INFO]: Melon Growth Modifier: 100%
[12:08:50] [Server thread/INFO]: Mushroom Growth Modifier: 100%
[12:08:50] [Server thread/INFO]: Pumpkin Growth Modifier: 100%
[12:08:50] [Server thread/INFO]: Sapling Growth Modifier: 100%
[12:08:50] [Server thread/INFO]: Beetroot Growth Modifier: 100%
[12:08:50] [Server thread/INFO]: Carrot Growth Modifier: 100%
[12:08:50] [Server thread/INFO]: Potato Growth Modifier: 100%
[12:08:50] [Server thread/INFO]: Wheat Growth Modifier: 100%
[12:08:50] [Server thread/INFO]: NetherWart Growth Modifier: 100%
[12:08:50] [Server thread/INFO]: Vine Growth Modifier: 100%
[12:08:50] [Server thread/INFO]: Cocoa Growth Modifier: 100%
[12:08:50] [Server thread/INFO]: Bamboo Growth Modifier: 100%
[12:08:50] [Server thread/INFO]: SweetBerry Growth Modifier: 100%
[12:08:50] [Server thread/INFO]: Kelp Growth Modifier: 100%
[12:08:50] [Server thread/INFO]: TwistingVines Growth Modifier: 100%
[12:08:50] [Server thread/INFO]: WeepingVines Growth Modifier: 100%
[12:08:50] [Server thread/INFO]: CaveVines Growth Modifier: 100%
[12:08:50] [Server thread/INFO]: Entity Activation Range: An 32 / Mo 32 / Ra 48 / Mi 16 / Tiv true / Isa false
[12:08:50] [Server thread/INFO]: Hopper Transfer: 8 Hopper Check: 1 Hopper Amount: 1 Hopper Can Load Chunks: false
[12:08:50] [Server thread/INFO]: Custom Map Seeds:  Village: 10387312 Desert: 14357617 Igloo: 14357618 Jungle: 14357619 Swamp: 14357620 Monument: 10387313 Ocean: 14357621 Shipwreck: 165745295 End City: 10387313 Slime: 987234911 Nether: 30084232 Mansion: 10387319 Fossil: 14357921 Portal: 34222645
[12:08:50] [Server thread/INFO]: Entity Tracking Range: Pl 48 / An 48 / Mo 48 / Mi 32 / Di 128 / Other 64
[12:08:50] [Server thread/INFO]: Max TNT Explosions: 100
[12:08:50] [Server thread/INFO]: Tile Max Tick Time: 50ms Entity max Tick Time: 50ms
[12:08:50] [Server thread/INFO]: -------- World Settings For [world_nether] --------
[12:08:50] [Server thread/INFO]: Allow Zombie Pigmen to spawn from portal blocks: true
[12:08:50] [Server thread/INFO]: Nerfing mobs spawned from spawners: false
[12:08:50] [Server thread/INFO]: Item Merge Radius: 2.5
[12:08:50] [Server thread/INFO]: Item Despawn Rate: 6000
[12:08:50] [Server thread/INFO]: View Distance: 10
[12:08:50] [Server thread/INFO]: Simulation Distance: 10
[12:08:50] [Server thread/INFO]: Zombie Aggressive Towards Villager: true
[12:08:50] [Server thread/INFO]: Arrow Despawn Rate: 1200 Trident Respawn Rate:1200
[12:08:50] [Server thread/INFO]: Experience Merge Radius: 3.0
[12:08:50] [Server thread/INFO]: Mob Spawn Range: 6
[12:08:50] [Server thread/INFO]: Cactus Growth Modifier: 100%
[12:08:50] [Server thread/INFO]: Cane Growth Modifier: 100%
[12:08:50] [Server thread/INFO]: Melon Growth Modifier: 100%
[12:08:50] [Server thread/INFO]: Mushroom Growth Modifier: 100%
[12:08:50] [Server thread/INFO]: Pumpkin Growth Modifier: 100%
[12:08:50] [Server thread/INFO]: Sapling Growth Modifier: 100%
[12:08:50] [Server thread/INFO]: Beetroot Growth Modifier: 100%
[12:08:50] [Server thread/INFO]: Carrot Growth Modifier: 100%
[12:08:50] [Server thread/INFO]: Potato Growth Modifier: 100%
[12:08:50] [Server thread/INFO]: Wheat Growth Modifier: 100%
[12:08:50] [Server thread/INFO]: NetherWart Growth Modifier: 100%
[12:08:50] [Server thread/INFO]: Vine Growth Modifier: 100%
[12:08:50] [Server thread/INFO]: Cocoa Growth Modifier: 100%
[12:08:50] [Server thread/INFO]: Bamboo Growth Modifier: 100%
[12:08:50] [Server thread/INFO]: SweetBerry Growth Modifier: 100%
[12:08:50] [Server thread/INFO]: Kelp Growth Modifier: 100%
[12:08:50] [Server thread/INFO]: TwistingVines Growth Modifier: 100%
[12:08:50] [Server thread/INFO]: WeepingVines Growth Modifier: 100%
[12:08:50] [Server thread/INFO]: CaveVines Growth Modifier: 100%
[12:08:50] [Server thread/INFO]: Entity Activation Range: An 32 / Mo 32 / Ra 48 / Mi 16 / Tiv true / Isa false
[12:08:50] [Server thread/INFO]: Hopper Transfer: 8 Hopper Check: 1 Hopper Amount: 1 Hopper Can Load Chunks: false
[12:08:50] [Server thread/INFO]: Custom Map Seeds:  Village: 10387312 Desert: 14357617 Igloo: 14357618 Jungle: 14357619 Swamp: 14357620 Monument: 10387313 Ocean: 14357621 Shipwreck: 165745295 End City: 10387313 Slime: 987234911 Nether: 30084232 Mansion: 10387319 Fossil: 14357921 Portal: 34222645
[12:08:50] [Server thread/INFO]: Entity Tracking Range: Pl 48 / An 48 / Mo 48 / Mi 32 / Di 128 / Other 64
[12:08:50] [Server thread/INFO]: Max TNT Explosions: 100
[12:08:50] [Server thread/INFO]: Tile Max Tick Time: 50ms Entity max Tick Time: 50ms
[12:08:50] [Server thread/INFO]: -------- World Settings For [world_the_end] --------
[12:08:50] [Server thread/INFO]: Allow Zombie Pigmen to spawn from portal blocks: true
[12:08:50] [Server thread/INFO]: Nerfing mobs spawned from spawners: false
[12:08:50] [Server thread/INFO]: Item Merge Radius: 2.5
[12:08:50] [Server thread/INFO]: Item Despawn Rate: 6000
[12:08:50] [Server thread/INFO]: View Distance: 10
[12:08:50] [Server thread/INFO]: Simulation Distance: 10
[12:08:50] [Server thread/INFO]: Zombie Aggressive Towards Villager: true
[12:08:50] [Server thread/INFO]: Arrow Despawn Rate: 1200 Trident Respawn Rate:1200
[12:08:50] [Server thread/INFO]: Experience Merge Radius: 3.0
[12:08:50] [Server thread/INFO]: Mob Spawn Range: 6
[12:08:50] [Server thread/INFO]: Cactus Growth Modifier: 100%
[12:08:50] [Server thread/INFO]: Cane Growth Modifier: 100%
[12:08:50] [Server thread/INFO]: Melon Growth Modifier: 100%
[12:08:50] [Server thread/INFO]: Mushroom Growth Modifier: 100%
[12:08:50] [Server thread/INFO]: Pumpkin Growth Modifier: 100%
[12:08:50] [Server thread/INFO]: Sapling Growth Modifier: 100%
[12:08:50] [Server thread/INFO]: Beetroot Growth Modifier: 100%
[12:08:50] [Server thread/INFO]: Carrot Growth Modifier: 100%
[12:08:50] [Server thread/INFO]: Potato Growth Modifier: 100%
[12:08:50] [Server thread/INFO]: Wheat Growth Modifier: 100%
[12:08:50] [Server thread/INFO]: NetherWart Growth Modifier: 100%
[12:08:50] [Server thread/INFO]: Vine Growth Modifier: 100%
[12:08:50] [Server thread/INFO]: Cocoa Growth Modifier: 100%
[12:08:50] [Server thread/INFO]: Bamboo Growth Modifier: 100%
[12:08:50] [Server thread/INFO]: SweetBerry Growth Modifier: 100%
[12:08:50] [Server thread/INFO]: Kelp Growth Modifier: 100%
[12:08:50] [Server thread/INFO]: TwistingVines Growth Modifier: 100%
[12:08:50] [Server thread/INFO]: WeepingVines Growth Modifier: 100%
[12:08:50] [Server thread/INFO]: CaveVines Growth Modifier: 100%
[12:08:50] [Server thread/INFO]: Entity Activation Range: An 32 / Mo 32 / Ra 48 / Mi 16 / Tiv true / Isa false
[12:08:50] [Server thread/INFO]: Hopper Transfer: 8 Hopper Check: 1 Hopper Amount: 1 Hopper Can Load Chunks: false
[12:08:50] [Server thread/INFO]: Custom Map Seeds:  Village: 10387312 Desert: 14357617 Igloo: 14357618 Jungle: 14357619 Swamp: 14357620 Monument: 10387313 Ocean: 14357621 Shipwreck: 165745295 End City: 10387313 Slime: 987234911 Nether: 30084232 Mansion: 10387319 Fossil: 14357921 Portal: 34222645
[12:08:50] [Server thread/INFO]: Entity Tracking Range: Pl 48 / An 48 / Mo 48 / Mi 32 / Di 128 / Other 64
[12:08:50] [Server thread/INFO]: Max TNT Explosions: 100
[12:08:50] [Server thread/INFO]: Tile Max Tick Time: 50ms Entity max Tick Time: 50ms
[12:08:50] [Server thread/INFO]: [hSpawn] Disabling hSpawn v1.2
[12:08:51] [Server thread/INFO]: Loaded 7 recipes
[12:08:51] [Server thread/INFO]: [hSpawn] Loading hSpawn v1.2
[12:08:51] [Server thread/INFO]: [hSpawn] Enabling hSpawn v1.2
[12:08:51] [Server thread/INFO]: Server permissions file permissions.yml is empty, ignoring it
[12:08:51] [Server thread/INFO]: ht06: Reload complete.
[12:08:55] [Server thread/INFO]: ht06 lost connection: Disconnected
[12:08:55] [Server thread/INFO]: ht06 left the server
[12:08:57] [User Authenticator #5/INFO]: UUID of player ht06 is 780ef5d5-d2d2-43e8-a536-267892770415
[12:08:57] [Server thread/INFO]: ht06 join the server
[12:08:57] [Server thread/INFO]: ht06[/127.0.0.1:61836] logged in with entity id 1123 at ([world]22.517412675910933, 65.0, -27.74921559360823)
[12:09:07] [Server thread/INFO]: CONSOLE: Please note that this command is not supported and may cause issues when using some plugins.
[12:09:07] [Server thread/INFO]: CONSOLE: If you encounter any issues please use the /stop command to restart your server.
[12:09:07] [Server thread/INFO]: Debug logging is disabled
[12:09:07] [Server thread/INFO]: Server Ping Player Sample Count: 12
[12:09:07] [Server thread/INFO]: Using 4 threads for Netty based IO
[12:09:07] [Server thread/INFO]: -------- World Settings For [world] --------
[12:09:07] [Server thread/INFO]: Allow Zombie Pigmen to spawn from portal blocks: true
[12:09:07] [Server thread/INFO]: Nerfing mobs spawned from spawners: false
[12:09:07] [Server thread/INFO]: Item Merge Radius: 2.5
[12:09:07] [Server thread/INFO]: Item Despawn Rate: 6000
[12:09:07] [Server thread/INFO]: View Distance: 10
[12:09:07] [Server thread/INFO]: Simulation Distance: 10
[12:09:07] [Server thread/INFO]: Zombie Aggressive Towards Villager: true
[12:09:07] [Server thread/INFO]: Arrow Despawn Rate: 1200 Trident Respawn Rate:1200
[12:09:07] [Server thread/INFO]: Experience Merge Radius: 3.0
[12:09:07] [Server thread/INFO]: Mob Spawn Range: 6
[12:09:07] [Server thread/INFO]: Cactus Growth Modifier: 100%
[12:09:07] [Server thread/INFO]: Cane Growth Modifier: 100%
[12:09:07] [Server thread/INFO]: Melon Growth Modifier: 100%
[12:09:07] [Server thread/INFO]: Mushroom Growth Modifier: 100%
[12:09:07] [Server thread/INFO]: Pumpkin Growth Modifier: 100%
[12:09:07] [Server thread/INFO]: Sapling Growth Modifier: 100%
[12:09:07] [Server thread/INFO]: Beetroot Growth Modifier: 100%
[12:09:07] [Server thread/INFO]: Carrot Growth Modifier: 100%
[12:09:07] [Server thread/INFO]: Potato Growth Modifier: 100%
[12:09:07] [Server thread/INFO]: Wheat Growth Modifier: 100%
[12:09:07] [Server thread/INFO]: NetherWart Growth Modifier: 100%
[12:09:07] [Server thread/INFO]: Vine Growth Modifier: 100%
[12:09:07] [Server thread/INFO]: Cocoa Growth Modifier: 100%
[12:09:07] [Server thread/INFO]: Bamboo Growth Modifier: 100%
[12:09:07] [Server thread/INFO]: SweetBerry Growth Modifier: 100%
[12:09:07] [Server thread/INFO]: Kelp Growth Modifier: 100%
[12:09:07] [Server thread/INFO]: TwistingVines Growth Modifier: 100%
[12:09:07] [Server thread/INFO]: WeepingVines Growth Modifier: 100%
[12:09:07] [Server thread/INFO]: CaveVines Growth Modifier: 100%
[12:09:07] [Server thread/INFO]: Entity Activation Range: An 32 / Mo 32 / Ra 48 / Mi 16 / Tiv true / Isa false
[12:09:07] [Server thread/INFO]: Hopper Transfer: 8 Hopper Check: 1 Hopper Amount: 1 Hopper Can Load Chunks: false
[12:09:07] [Server thread/INFO]: Custom Map Seeds:  Village: 10387312 Desert: 14357617 Igloo: 14357618 Jungle: 14357619 Swamp: 14357620 Monument: 10387313 Ocean: 14357621 Shipwreck: 165745295 End City: 10387313 Slime: 987234911 Nether: 30084232 Mansion: 10387319 Fossil: 14357921 Portal: 34222645
[12:09:07] [Server thread/INFO]: Entity Tracking Range: Pl 48 / An 48 / Mo 48 / Mi 32 / Di 128 / Other 64
[12:09:07] [Server thread/INFO]: Max TNT Explosions: 100
[12:09:07] [Server thread/INFO]: Tile Max Tick Time: 50ms Entity max Tick Time: 50ms
[12:09:07] [Server thread/INFO]: -------- World Settings For [world_nether] --------
[12:09:07] [Server thread/INFO]: Allow Zombie Pigmen to spawn from portal blocks: true
[12:09:07] [Server thread/INFO]: Nerfing mobs spawned from spawners: false
[12:09:07] [Server thread/INFO]: Item Merge Radius: 2.5
[12:09:07] [Server thread/INFO]: Item Despawn Rate: 6000
[12:09:07] [Server thread/INFO]: View Distance: 10
[12:09:07] [Server thread/INFO]: Simulation Distance: 10
[12:09:07] [Server thread/INFO]: Zombie Aggressive Towards Villager: true
[12:09:07] [Server thread/INFO]: Arrow Despawn Rate: 1200 Trident Respawn Rate:1200
[12:09:07] [Server thread/INFO]: Experience Merge Radius: 3.0
[12:09:07] [Server thread/INFO]: Mob Spawn Range: 6
[12:09:07] [Server thread/INFO]: Cactus Growth Modifier: 100%
[12:09:07] [Server thread/INFO]: Cane Growth Modifier: 100%
[12:09:07] [Server thread/INFO]: Melon Growth Modifier: 100%
[12:09:07] [Server thread/INFO]: Mushroom Growth Modifier: 100%
[12:09:07] [Server thread/INFO]: Pumpkin Growth Modifier: 100%
[12:09:07] [Server thread/INFO]: Sapling Growth Modifier: 100%
[12:09:07] [Server thread/INFO]: Beetroot Growth Modifier: 100%
[12:09:07] [Server thread/INFO]: Carrot Growth Modifier: 100%
[12:09:07] [Server thread/INFO]: Potato Growth Modifier: 100%
[12:09:07] [Server thread/INFO]: Wheat Growth Modifier: 100%
[12:09:07] [Server thread/INFO]: NetherWart Growth Modifier: 100%
[12:09:07] [Server thread/INFO]: Vine Growth Modifier: 100%
[12:09:07] [Server thread/INFO]: Cocoa Growth Modifier: 100%
[12:09:07] [Server thread/INFO]: Bamboo Growth Modifier: 100%
[12:09:07] [Server thread/INFO]: SweetBerry Growth Modifier: 100%
[12:09:07] [Server thread/INFO]: Kelp Growth Modifier: 100%
[12:09:07] [Server thread/INFO]: TwistingVines Growth Modifier: 100%
[12:09:07] [Server thread/INFO]: WeepingVines Growth Modifier: 100%
[12:09:07] [Server thread/INFO]: CaveVines Growth Modifier: 100%
[12:09:07] [Server thread/INFO]: Entity Activation Range: An 32 / Mo 32 / Ra 48 / Mi 16 / Tiv true / Isa false
[12:09:07] [Server thread/INFO]: Hopper Transfer: 8 Hopper Check: 1 Hopper Amount: 1 Hopper Can Load Chunks: false
[12:09:07] [Server thread/INFO]: Custom Map Seeds:  Village: 10387312 Desert: 14357617 Igloo: 14357618 Jungle: 14357619 Swamp: 14357620 Monument: 10387313 Ocean: 14357621 Shipwreck: 165745295 End City: 10387313 Slime: 987234911 Nether: 30084232 Mansion: 10387319 Fossil: 14357921 Portal: 34222645
[12:09:07] [Server thread/INFO]: Entity Tracking Range: Pl 48 / An 48 / Mo 48 / Mi 32 / Di 128 / Other 64
[12:09:07] [Server thread/INFO]: Max TNT Explosions: 100
[12:09:07] [Server thread/INFO]: Tile Max Tick Time: 50ms Entity max Tick Time: 50ms
[12:09:07] [Server thread/INFO]: -------- World Settings For [world_the_end] --------
[12:09:07] [Server thread/INFO]: Allow Zombie Pigmen to spawn from portal blocks: true
[12:09:07] [Server thread/INFO]: Nerfing mobs spawned from spawners: false
[12:09:07] [Server thread/INFO]: Item Merge Radius: 2.5
[12:09:07] [Server thread/INFO]: Item Despawn Rate: 6000
[12:09:07] [Server thread/INFO]: View Distance: 10
[12:09:07] [Server thread/INFO]: Simulation Distance: 10
[12:09:07] [Server thread/INFO]: Zombie Aggressive Towards Villager: true
[12:09:07] [Server thread/INFO]: Arrow Despawn Rate: 1200 Trident Respawn Rate:1200
[12:09:07] [Server thread/INFO]: Experience Merge Radius: 3.0
[12:09:07] [Server thread/INFO]: Mob Spawn Range: 6
[12:09:07] [Server thread/INFO]: Cactus Growth Modifier: 100%
[12:09:07] [Server thread/INFO]: Cane Growth Modifier: 100%
[12:09:07] [Server thread/INFO]: Melon Growth Modifier: 100%
[12:09:07] [Server thread/INFO]: Mushroom Growth Modifier: 100%
[12:09:07] [Server thread/INFO]: Pumpkin Growth Modifier: 100%
[12:09:07] [Server thread/INFO]: Sapling Growth Modifier: 100%
[12:09:07] [Server thread/INFO]: Beetroot Growth Modifier: 100%
[12:09:07] [Server thread/INFO]: Carrot Growth Modifier: 100%
[12:09:07] [Server thread/INFO]: Potato Growth Modifier: 100%
[12:09:07] [Server thread/INFO]: Wheat Growth Modifier: 100%
[12:09:07] [Server thread/INFO]: NetherWart Growth Modifier: 100%
[12:09:07] [Server thread/INFO]: Vine Growth Modifier: 100%
[12:09:07] [Server thread/INFO]: Cocoa Growth Modifier: 100%
[12:09:07] [Server thread/INFO]: Bamboo Growth Modifier: 100%
[12:09:07] [Server thread/INFO]: SweetBerry Growth Modifier: 100%
[12:09:07] [Server thread/INFO]: Kelp Growth Modifier: 100%
[12:09:07] [Server thread/INFO]: TwistingVines Growth Modifier: 100%
[12:09:07] [Server thread/INFO]: WeepingVines Growth Modifier: 100%
[12:09:07] [Server thread/INFO]: CaveVines Growth Modifier: 100%
[12:09:07] [Server thread/INFO]: Entity Activation Range: An 32 / Mo 32 / Ra 48 / Mi 16 / Tiv true / Isa false
[12:09:07] [Server thread/INFO]: Hopper Transfer: 8 Hopper Check: 1 Hopper Amount: 1 Hopper Can Load Chunks: false
[12:09:07] [Server thread/INFO]: Custom Map Seeds:  Village: 10387312 Desert: 14357617 Igloo: 14357618 Jungle: 14357619 Swamp: 14357620 Monument: 10387313 Ocean: 14357621 Shipwreck: 165745295 End City: 10387313 Slime: 987234911 Nether: 30084232 Mansion: 10387319 Fossil: 14357921 Portal: 34222645
[12:09:07] [Server thread/INFO]: Entity Tracking Range: Pl 48 / An 48 / Mo 48 / Mi 32 / Di 128 / Other 64
[12:09:07] [Server thread/INFO]: Max TNT Explosions: 100
[12:09:07] [Server thread/INFO]: Tile Max Tick Time: 50ms Entity max Tick Time: 50ms
[12:09:07] [Server thread/INFO]: [hSpawn] Disabling hSpawn v1.2
[12:09:07] [Server thread/INFO]: Loaded 7 recipes
[12:09:08] [Server thread/INFO]: [hSpawn] Loading hSpawn v1.2
[12:09:08] [Server thread/INFO]: [hSpawn] Enabling hSpawn v1.2
[12:09:08] [Server thread/INFO]: Server permissions file permissions.yml is empty, ignoring it
[12:09:08] [Server thread/INFO]: CONSOLE: Reload complete.
[12:09:11] [Server thread/INFO]: ht06 lost connection: Disconnected
[12:09:11] [Server thread/INFO]: [+] ht06 left the server
[12:09:12] [User Authenticator #6/INFO]: UUID of player ht06 is 780ef5d5-d2d2-43e8-a536-267892770415
[12:09:12] [Server thread/INFO]: [+] ht06 join the server
[12:09:12] [Server thread/INFO]: ht06[/127.0.0.1:52210] logged in with entity id 1156 at ([world]22.517412675910933, 65.0, -27.74921559360823)
[12:09:45] [Server thread/INFO]: ht06 issued server command: /rl
[12:09:45] [Server thread/INFO]: ht06: Please note that this command is not supported and may cause issues when using some plugins.
[12:09:45] [Server thread/INFO]: ht06: If you encounter any issues please use the /stop command to restart your server.
[12:09:45] [Server thread/INFO]: Debug logging is disabled
[12:09:45] [Server thread/INFO]: Server Ping Player Sample Count: 12
[12:09:45] [Server thread/INFO]: Using 4 threads for Netty based IO
[12:09:45] [Server thread/INFO]: -------- World Settings For [world] --------
[12:09:45] [Server thread/INFO]: Allow Zombie Pigmen to spawn from portal blocks: true
[12:09:45] [Server thread/INFO]: Nerfing mobs spawned from spawners: false
[12:09:45] [Server thread/INFO]: Item Merge Radius: 2.5
[12:09:45] [Server thread/INFO]: Item Despawn Rate: 6000
[12:09:45] [Server thread/INFO]: View Distance: 10
[12:09:45] [Server thread/INFO]: Simulation Distance: 10
[12:09:45] [Server thread/INFO]: Zombie Aggressive Towards Villager: true
[12:09:45] [Server thread/INFO]: Arrow Despawn Rate: 1200 Trident Respawn Rate:1200
[12:09:45] [Server thread/INFO]: Experience Merge Radius: 3.0
[12:09:45] [Server thread/INFO]: Mob Spawn Range: 6
[12:09:45] [Server thread/INFO]: Cactus Growth Modifier: 100%
[12:09:45] [Server thread/INFO]: Cane Growth Modifier: 100%
[12:09:45] [Server thread/INFO]: Melon Growth Modifier: 100%
[12:09:45] [Server thread/INFO]: Mushroom Growth Modifier: 100%
[12:09:45] [Server thread/INFO]: Pumpkin Growth Modifier: 100%
[12:09:45] [Server thread/INFO]: Sapling Growth Modifier: 100%
[12:09:45] [Server thread/INFO]: Beetroot Growth Modifier: 100%
[12:09:45] [Server thread/INFO]: Carrot Growth Modifier: 100%
[12:09:45] [Server thread/INFO]: Potato Growth Modifier: 100%
[12:09:45] [Server thread/INFO]: Wheat Growth Modifier: 100%
[12:09:45] [Server thread/INFO]: NetherWart Growth Modifier: 100%
[12:09:45] [Server thread/INFO]: Vine Growth Modifier: 100%
[12:09:45] [Server thread/INFO]: Cocoa Growth Modifier: 100%
[12:09:45] [Server thread/INFO]: Bamboo Growth Modifier: 100%
[12:09:45] [Server thread/INFO]: SweetBerry Growth Modifier: 100%
[12:09:45] [Server thread/INFO]: Kelp Growth Modifier: 100%
[12:09:45] [Server thread/INFO]: TwistingVines Growth Modifier: 100%
[12:09:45] [Server thread/INFO]: WeepingVines Growth Modifier: 100%
[12:09:45] [Server thread/INFO]: CaveVines Growth Modifier: 100%
[12:09:45] [Server thread/INFO]: Entity Activation Range: An 32 / Mo 32 / Ra 48 / Mi 16 / Tiv true / Isa false
[12:09:45] [Server thread/INFO]: Hopper Transfer: 8 Hopper Check: 1 Hopper Amount: 1 Hopper Can Load Chunks: false
[12:09:45] [Server thread/INFO]: Custom Map Seeds:  Village: 10387312 Desert: 14357617 Igloo: 14357618 Jungle: 14357619 Swamp: 14357620 Monument: 10387313 Ocean: 14357621 Shipwreck: 165745295 End City: 10387313 Slime: 987234911 Nether: 30084232 Mansion: 10387319 Fossil: 14357921 Portal: 34222645
[12:09:45] [Server thread/INFO]: Entity Tracking Range: Pl 48 / An 48 / Mo 48 / Mi 32 / Di 128 / Other 64
[12:09:45] [Server thread/INFO]: Max TNT Explosions: 100
[12:09:45] [Server thread/INFO]: Tile Max Tick Time: 50ms Entity max Tick Time: 50ms
[12:09:45] [Server thread/INFO]: -------- World Settings For [world_nether] --------
[12:09:45] [Server thread/INFO]: Allow Zombie Pigmen to spawn from portal blocks: true
[12:09:45] [Server thread/INFO]: Nerfing mobs spawned from spawners: false
[12:09:45] [Server thread/INFO]: Item Merge Radius: 2.5
[12:09:45] [Server thread/INFO]: Item Despawn Rate: 6000
[12:09:45] [Server thread/INFO]: View Distance: 10
[12:09:45] [Server thread/INFO]: Simulation Distance: 10
[12:09:45] [Server thread/INFO]: Zombie Aggressive Towards Villager: true
[12:09:45] [Server thread/INFO]: Arrow Despawn Rate: 1200 Trident Respawn Rate:1200
[12:09:45] [Server thread/INFO]: Experience Merge Radius: 3.0
[12:09:45] [Server thread/INFO]: Mob Spawn Range: 6
[12:09:45] [Server thread/INFO]: Cactus Growth Modifier: 100%
[12:09:45] [Server thread/INFO]: Cane Growth Modifier: 100%
[12:09:45] [Server thread/INFO]: Melon Growth Modifier: 100%
[12:09:45] [Server thread/INFO]: Mushroom Growth Modifier: 100%
[12:09:45] [Server thread/INFO]: Pumpkin Growth Modifier: 100%
[12:09:45] [Server thread/INFO]: Sapling Growth Modifier: 100%
[12:09:45] [Server thread/INFO]: Beetroot Growth Modifier: 100%
[12:09:45] [Server thread/INFO]: Carrot Growth Modifier: 100%
[12:09:45] [Server thread/INFO]: Potato Growth Modifier: 100%
[12:09:45] [Server thread/INFO]: Wheat Growth Modifier: 100%
[12:09:45] [Server thread/INFO]: NetherWart Growth Modifier: 100%
[12:09:45] [Server thread/INFO]: Vine Growth Modifier: 100%
[12:09:45] [Server thread/INFO]: Cocoa Growth Modifier: 100%
[12:09:45] [Server thread/INFO]: Bamboo Growth Modifier: 100%
[12:09:45] [Server thread/INFO]: SweetBerry Growth Modifier: 100%
[12:09:45] [Server thread/INFO]: Kelp Growth Modifier: 100%
[12:09:45] [Server thread/INFO]: TwistingVines Growth Modifier: 100%
[12:09:45] [Server thread/INFO]: WeepingVines Growth Modifier: 100%
[12:09:45] [Server thread/INFO]: CaveVines Growth Modifier: 100%
[12:09:45] [Server thread/INFO]: Entity Activation Range: An 32 / Mo 32 / Ra 48 / Mi 16 / Tiv true / Isa false
[12:09:45] [Server thread/INFO]: Hopper Transfer: 8 Hopper Check: 1 Hopper Amount: 1 Hopper Can Load Chunks: false
[12:09:45] [Server thread/INFO]: Custom Map Seeds:  Village: 10387312 Desert: 14357617 Igloo: 14357618 Jungle: 14357619 Swamp: 14357620 Monument: 10387313 Ocean: 14357621 Shipwreck: 165745295 End City: 10387313 Slime: 987234911 Nether: 30084232 Mansion: 10387319 Fossil: 14357921 Portal: 34222645
[12:09:45] [Server thread/INFO]: Entity Tracking Range: Pl 48 / An 48 / Mo 48 / Mi 32 / Di 128 / Other 64
[12:09:45] [Server thread/INFO]: Max TNT Explosions: 100
[12:09:45] [Server thread/INFO]: Tile Max Tick Time: 50ms Entity max Tick Time: 50ms
[12:09:45] [Server thread/INFO]: -------- World Settings For [world_the_end] --------
[12:09:45] [Server thread/INFO]: Allow Zombie Pigmen to spawn from portal blocks: true
[12:09:45] [Server thread/INFO]: Nerfing mobs spawned from spawners: false
[12:09:45] [Server thread/INFO]: Item Merge Radius: 2.5
[12:09:45] [Server thread/INFO]: Item Despawn Rate: 6000
[12:09:45] [Server thread/INFO]: View Distance: 10
[12:09:45] [Server thread/INFO]: Simulation Distance: 10
[12:09:45] [Server thread/INFO]: Zombie Aggressive Towards Villager: true
[12:09:45] [Server thread/INFO]: Arrow Despawn Rate: 1200 Trident Respawn Rate:1200
[12:09:45] [Server thread/INFO]: Experience Merge Radius: 3.0
[12:09:45] [Server thread/INFO]: Mob Spawn Range: 6
[12:09:45] [Server thread/INFO]: Cactus Growth Modifier: 100%
[12:09:45] [Server thread/INFO]: Cane Growth Modifier: 100%
[12:09:45] [Server thread/INFO]: Melon Growth Modifier: 100%
[12:09:45] [Server thread/INFO]: Mushroom Growth Modifier: 100%
[12:09:45] [Server thread/INFO]: Pumpkin Growth Modifier: 100%
[12:09:45] [Server thread/INFO]: Sapling Growth Modifier: 100%
[12:09:45] [Server thread/INFO]: Beetroot Growth Modifier: 100%
[12:09:45] [Server thread/INFO]: Carrot Growth Modifier: 100%
[12:09:45] [Server thread/INFO]: Potato Growth Modifier: 100%
[12:09:45] [Server thread/INFO]: Wheat Growth Modifier: 100%
[12:09:45] [Server thread/INFO]: NetherWart Growth Modifier: 100%
[12:09:45] [Server thread/INFO]: Vine Growth Modifier: 100%
[12:09:45] [Server thread/INFO]: Cocoa Growth Modifier: 100%
[12:09:45] [Server thread/INFO]: Bamboo Growth Modifier: 100%
[12:09:45] [Server thread/INFO]: SweetBerry Growth Modifier: 100%
[12:09:45] [Server thread/INFO]: Kelp Growth Modifier: 100%
[12:09:45] [Server thread/INFO]: TwistingVines Growth Modifier: 100%
[12:09:45] [Server thread/INFO]: WeepingVines Growth Modifier: 100%
[12:09:45] [Server thread/INFO]: CaveVines Growth Modifier: 100%
[12:09:45] [Server thread/INFO]: Entity Activation Range: An 32 / Mo 32 / Ra 48 / Mi 16 / Tiv true / Isa false
[12:09:45] [Server thread/INFO]: Hopper Transfer: 8 Hopper Check: 1 Hopper Amount: 1 Hopper Can Load Chunks: false
[12:09:45] [Server thread/INFO]: Custom Map Seeds:  Village: 10387312 Desert: 14357617 Igloo: 14357618 Jungle: 14357619 Swamp: 14357620 Monument: 10387313 Ocean: 14357621 Shipwreck: 165745295 End City: 10387313 Slime: 987234911 Nether: 30084232 Mansion: 10387319 Fossil: 14357921 Portal: 34222645
[12:09:45] [Server thread/INFO]: Entity Tracking Range: Pl 48 / An 48 / Mo 48 / Mi 32 / Di 128 / Other 64
[12:09:45] [Server thread/INFO]: Max TNT Explosions: 100
[12:09:45] [Server thread/INFO]: Tile Max Tick Time: 50ms Entity max Tick Time: 50ms
[12:09:45] [Server thread/INFO]: [hSpawn] Disabling hSpawn v1.2
[12:09:45] [Server thread/INFO]: Loaded 7 recipes
[12:09:45] [Server thread/INFO]: [hSpawn] Loading hSpawn v1.2
[12:09:45] [Server thread/INFO]: [hSpawn] Enabling hSpawn v1.2
[12:09:45] [Server thread/INFO]: Server permissions file permissions.yml is empty, ignoring it
[12:09:45] [Server thread/INFO]: ht06: Reload complete.
[12:09:47] [Server thread/INFO]: ht06 lost connection: Disconnected
[12:09:47] [Server thread/INFO]: [+] ht06 left the server
[12:09:49] [User Authenticator #7/INFO]: UUID of player ht06 is 780ef5d5-d2d2-43e8-a536-267892770415
[12:09:49] [Server thread/INFO]: [+] ht06 join the server
[12:09:49] [Server thread/INFO]: ht06[/127.0.0.1:52252] logged in with entity id 1228 at ([world]22.43639126415676, 65.0, -27.696809269798507)
[12:09:57] [Async Chat Thread - #4/INFO]: <ht06> &cc
[12:10:06] [Server thread/INFO]: ht06 issued server command: /pl
[12:13:19] [Server thread/INFO]: ht06 issued server command: /rl
[12:13:19] [Server thread/INFO]: ht06: Please note that this command is not supported and may cause issues when using some plugins.
[12:13:19] [Server thread/INFO]: ht06: If you encounter any issues please use the /stop command to restart your server.
[12:13:19] [Server thread/INFO]: Debug logging is disabled
[12:13:19] [Server thread/INFO]: Server Ping Player Sample Count: 12
[12:13:19] [Server thread/INFO]: Using 4 threads for Netty based IO
[12:13:19] [Server thread/INFO]: -------- World Settings For [world] --------
[12:13:19] [Server thread/INFO]: Allow Zombie Pigmen to spawn from portal blocks: true
[12:13:19] [Server thread/INFO]: Nerfing mobs spawned from spawners: false
[12:13:19] [Server thread/INFO]: Item Merge Radius: 2.5
[12:13:19] [Server thread/INFO]: Item Despawn Rate: 6000
[12:13:19] [Server thread/INFO]: View Distance: 10
[12:13:19] [Server thread/INFO]: Simulation Distance: 10
[12:13:19] [Server thread/INFO]: Zombie Aggressive Towards Villager: true
[12:13:19] [Server thread/INFO]: Arrow Despawn Rate: 1200 Trident Respawn Rate:1200
[12:13:19] [Server thread/INFO]: Experience Merge Radius: 3.0
[12:13:19] [Server thread/INFO]: Mob Spawn Range: 6
[12:13:19] [Server thread/INFO]: Cactus Growth Modifier: 100%
[12:13:19] [Server thread/INFO]: Cane Growth Modifier: 100%
[12:13:19] [Server thread/INFO]: Melon Growth Modifier: 100%
[12:13:19] [Server thread/INFO]: Mushroom Growth Modifier: 100%
[12:13:19] [Server thread/INFO]: Pumpkin Growth Modifier: 100%
[12:13:19] [Server thread/INFO]: Sapling Growth Modifier: 100%
[12:13:19] [Server thread/INFO]: Beetroot Growth Modifier: 100%
[12:13:19] [Server thread/INFO]: Carrot Growth Modifier: 100%
[12:13:19] [Server thread/INFO]: Potato Growth Modifier: 100%
[12:13:19] [Server thread/INFO]: Wheat Growth Modifier: 100%
[12:13:19] [Server thread/INFO]: NetherWart Growth Modifier: 100%
[12:13:19] [Server thread/INFO]: Vine Growth Modifier: 100%
[12:13:19] [Server thread/INFO]: Cocoa Growth Modifier: 100%
[12:13:19] [Server thread/INFO]: Bamboo Growth Modifier: 100%
[12:13:19] [Server thread/INFO]: SweetBerry Growth Modifier: 100%
[12:13:19] [Server thread/INFO]: Kelp Growth Modifier: 100%
[12:13:19] [Server thread/INFO]: TwistingVines Growth Modifier: 100%
[12:13:19] [Server thread/INFO]: WeepingVines Growth Modifier: 100%
[12:13:19] [Server thread/INFO]: CaveVines Growth Modifier: 100%
[12:13:19] [Server thread/INFO]: Entity Activation Range: An 32 / Mo 32 / Ra 48 / Mi 16 / Tiv true / Isa false
[12:13:19] [Server thread/INFO]: Hopper Transfer: 8 Hopper Check: 1 Hopper Amount: 1 Hopper Can Load Chunks: false
[12:13:19] [Server thread/INFO]: Custom Map Seeds:  Village: 10387312 Desert: 14357617 Igloo: 14357618 Jungle: 14357619 Swamp: 14357620 Monument: 10387313 Ocean: 14357621 Shipwreck: 165745295 End City: 10387313 Slime: 987234911 Nether: 30084232 Mansion: 10387319 Fossil: 14357921 Portal: 34222645
[12:13:19] [Server thread/INFO]: Entity Tracking Range: Pl 48 / An 48 / Mo 48 / Mi 32 / Di 128 / Other 64
[12:13:19] [Server thread/INFO]: Max TNT Explosions: 100
[12:13:19] [Server thread/INFO]: Tile Max Tick Time: 50ms Entity max Tick Time: 50ms
[12:13:19] [Server thread/INFO]: -------- World Settings For [world_nether] --------
[12:13:19] [Server thread/INFO]: Allow Zombie Pigmen to spawn from portal blocks: true
[12:13:19] [Server thread/INFO]: Nerfing mobs spawned from spawners: false
[12:13:19] [Server thread/INFO]: Item Merge Radius: 2.5
[12:13:19] [Server thread/INFO]: Item Despawn Rate: 6000
[12:13:19] [Server thread/INFO]: View Distance: 10
[12:13:19] [Server thread/INFO]: Simulation Distance: 10
[12:13:19] [Server thread/INFO]: Zombie Aggressive Towards Villager: true
[12:13:19] [Server thread/INFO]: Arrow Despawn Rate: 1200 Trident Respawn Rate:1200
[12:13:19] [Server thread/INFO]: Experience Merge Radius: 3.0
[12:13:19] [Server thread/INFO]: Mob Spawn Range: 6
[12:13:19] [Server thread/INFO]: Cactus Growth Modifier: 100%
[12:13:19] [Server thread/INFO]: Cane Growth Modifier: 100%
[12:13:19] [Server thread/INFO]: Melon Growth Modifier: 100%
[12:13:19] [Server thread/INFO]: Mushroom Growth Modifier: 100%
[12:13:19] [Server thread/INFO]: Pumpkin Growth Modifier: 100%
[12:13:19] [Server thread/INFO]: Sapling Growth Modifier: 100%
[12:13:19] [Server thread/INFO]: Beetroot Growth Modifier: 100%
[12:13:19] [Server thread/INFO]: Carrot Growth Modifier: 100%
[12:13:19] [Server thread/INFO]: Potato Growth Modifier: 100%
[12:13:19] [Server thread/INFO]: Wheat Growth Modifier: 100%
[12:13:19] [Server thread/INFO]: NetherWart Growth Modifier: 100%
[12:13:19] [Server thread/INFO]: Vine Growth Modifier: 100%
[12:13:19] [Server thread/INFO]: Cocoa Growth Modifier: 100%
[12:13:19] [Server thread/INFO]: Bamboo Growth Modifier: 100%
[12:13:19] [Server thread/INFO]: SweetBerry Growth Modifier: 100%
[12:13:19] [Server thread/INFO]: Kelp Growth Modifier: 100%
[12:13:19] [Server thread/INFO]: TwistingVines Growth Modifier: 100%
[12:13:19] [Server thread/INFO]: WeepingVines Growth Modifier: 100%
[12:13:19] [Server thread/INFO]: CaveVines Growth Modifier: 100%
[12:13:19] [Server thread/INFO]: Entity Activation Range: An 32 / Mo 32 / Ra 48 / Mi 16 / Tiv true / Isa false
[12:13:19] [Server thread/INFO]: Hopper Transfer: 8 Hopper Check: 1 Hopper Amount: 1 Hopper Can Load Chunks: false
[12:13:19] [Server thread/INFO]: Custom Map Seeds:  Village: 10387312 Desert: 14357617 Igloo: 14357618 Jungle: 14357619 Swamp: 14357620 Monument: 10387313 Ocean: 14357621 Shipwreck: 165745295 End City: 10387313 Slime: 987234911 Nether: 30084232 Mansion: 10387319 Fossil: 14357921 Portal: 34222645
[12:13:19] [Server thread/INFO]: Entity Tracking Range: Pl 48 / An 48 / Mo 48 / Mi 32 / Di 128 / Other 64
[12:13:19] [Server thread/INFO]: Max TNT Explosions: 100
[12:13:19] [Server thread/INFO]: Tile Max Tick Time: 50ms Entity max Tick Time: 50ms
[12:13:19] [Server thread/INFO]: -------- World Settings For [world_the_end] --------
[12:13:19] [Server thread/INFO]: Allow Zombie Pigmen to spawn from portal blocks: true
[12:13:19] [Server thread/INFO]: Nerfing mobs spawned from spawners: false
[12:13:19] [Server thread/INFO]: Item Merge Radius: 2.5
[12:13:19] [Server thread/INFO]: Item Despawn Rate: 6000
[12:13:19] [Server thread/INFO]: View Distance: 10
[12:13:19] [Server thread/INFO]: Simulation Distance: 10
[12:13:19] [Server thread/INFO]: Zombie Aggressive Towards Villager: true
[12:13:19] [Server thread/INFO]: Arrow Despawn Rate: 1200 Trident Respawn Rate:1200
[12:13:19] [Server thread/INFO]: Experience Merge Radius: 3.0
[12:13:19] [Server thread/INFO]: Mob Spawn Range: 6
[12:13:19] [Server thread/INFO]: Cactus Growth Modifier: 100%
[12:13:19] [Server thread/INFO]: Cane Growth Modifier: 100%
[12:13:19] [Server thread/INFO]: Melon Growth Modifier: 100%
[12:13:19] [Server thread/INFO]: Mushroom Growth Modifier: 100%
[12:13:19] [Server thread/INFO]: Pumpkin Growth Modifier: 100%
[12:13:19] [Server thread/INFO]: Sapling Growth Modifier: 100%
[12:13:19] [Server thread/INFO]: Beetroot Growth Modifier: 100%
[12:13:19] [Server thread/INFO]: Carrot Growth Modifier: 100%
[12:13:19] [Server thread/INFO]: Potato Growth Modifier: 100%
[12:13:19] [Server thread/INFO]: Wheat Growth Modifier: 100%
[12:13:19] [Server thread/INFO]: NetherWart Growth Modifier: 100%
[12:13:19] [Server thread/INFO]: Vine Growth Modifier: 100%
[12:13:19] [Server thread/INFO]: Cocoa Growth Modifier: 100%
[12:13:19] [Server thread/INFO]: Bamboo Growth Modifier: 100%
[12:13:19] [Server thread/INFO]: SweetBerry Growth Modifier: 100%
[12:13:19] [Server thread/INFO]: Kelp Growth Modifier: 100%
[12:13:19] [Server thread/INFO]: TwistingVines Growth Modifier: 100%
[12:13:19] [Server thread/INFO]: WeepingVines Growth Modifier: 100%
[12:13:19] [Server thread/INFO]: CaveVines Growth Modifier: 100%
[12:13:19] [Server thread/INFO]: Entity Activation Range: An 32 / Mo 32 / Ra 48 / Mi 16 / Tiv true / Isa false
[12:13:19] [Server thread/INFO]: Hopper Transfer: 8 Hopper Check: 1 Hopper Amount: 1 Hopper Can Load Chunks: false
[12:13:19] [Server thread/INFO]: Custom Map Seeds:  Village: 10387312 Desert: 14357617 Igloo: 14357618 Jungle: 14357619 Swamp: 14357620 Monument: 10387313 Ocean: 14357621 Shipwreck: 165745295 End City: 10387313 Slime: 987234911 Nether: 30084232 Mansion: 10387319 Fossil: 14357921 Portal: 34222645
[12:13:19] [Server thread/INFO]: Entity Tracking Range: Pl 48 / An 48 / Mo 48 / Mi 32 / Di 128 / Other 64
[12:13:19] [Server thread/INFO]: Max TNT Explosions: 100
[12:13:19] [Server thread/INFO]: Tile Max Tick Time: 50ms Entity max Tick Time: 50ms
[12:13:19] [Server thread/INFO]: [hSpawn] Disabling hSpawn v1.2
[12:13:19] [Server thread/INFO]: Loaded 7 recipes
[12:13:20] [Server thread/INFO]: [hSpawn] Loading hSpawn v1.2
[12:13:20] [Server thread/INFO]: [hSpawn] Enabling hSpawn v1.2
[12:13:20] [Server thread/INFO]: Server permissions file permissions.yml is empty, ignoring it
[12:13:20] [Server thread/INFO]: ht06: Reload complete.
[12:13:25] [Server thread/INFO]: ht06 issued server command: /hrl
[12:13:27] [Server thread/INFO]: ht06 issued server command: /hreload
[12:13:56] [Server thread/INFO]: ht06 issued server command: /hrl
[12:14:00] [Server thread/INFO]: ht06 issued server command: /rl
[12:14:00] [Server thread/INFO]: ht06: Please note that this command is not supported and may cause issues when using some plugins.
[12:14:00] [Server thread/INFO]: ht06: If you encounter any issues please use the /stop command to restart your server.
[12:14:00] [Server thread/INFO]: Debug logging is disabled
[12:14:00] [Server thread/INFO]: Server Ping Player Sample Count: 12
[12:14:00] [Server thread/INFO]: Using 4 threads for Netty based IO
[12:14:00] [Server thread/INFO]: -------- World Settings For [world] --------
[12:14:00] [Server thread/INFO]: Allow Zombie Pigmen to spawn from portal blocks: true
[12:14:00] [Server thread/INFO]: Nerfing mobs spawned from spawners: false
[12:14:00] [Server thread/INFO]: Item Merge Radius: 2.5
[12:14:00] [Server thread/INFO]: Item Despawn Rate: 6000
[12:14:00] [Server thread/INFO]: View Distance: 10
[12:14:00] [Server thread/INFO]: Simulation Distance: 10
[12:14:00] [Server thread/INFO]: Zombie Aggressive Towards Villager: true
[12:14:00] [Server thread/INFO]: Arrow Despawn Rate: 1200 Trident Respawn Rate:1200
[12:14:00] [Server thread/INFO]: Experience Merge Radius: 3.0
[12:14:00] [Server thread/INFO]: Mob Spawn Range: 6
[12:14:00] [Server thread/INFO]: Cactus Growth Modifier: 100%
[12:14:00] [Server thread/INFO]: Cane Growth Modifier: 100%
[12:14:00] [Server thread/INFO]: Melon Growth Modifier: 100%
[12:14:00] [Server thread/INFO]: Mushroom Growth Modifier: 100%
[12:14:00] [Server thread/INFO]: Pumpkin Growth Modifier: 100%
[12:14:00] [Server thread/INFO]: Sapling Growth Modifier: 100%
[12:14:00] [Server thread/INFO]: Beetroot Growth Modifier: 100%
[12:14:00] [Server thread/INFO]: Carrot Growth Modifier: 100%
[12:14:00] [Server thread/INFO]: Potato Growth Modifier: 100%
[12:14:00] [Server thread/INFO]: Wheat Growth Modifier: 100%
[12:14:00] [Server thread/INFO]: NetherWart Growth Modifier: 100%
[12:14:00] [Server thread/INFO]: Vine Growth Modifier: 100%
[12:14:00] [Server thread/INFO]: Cocoa Growth Modifier: 100%
[12:14:00] [Server thread/INFO]: Bamboo Growth Modifier: 100%
[12:14:00] [Server thread/INFO]: SweetBerry Growth Modifier: 100%
[12:14:00] [Server thread/INFO]: Kelp Growth Modifier: 100%
[12:14:00] [Server thread/INFO]: TwistingVines Growth Modifier: 100%
[12:14:00] [Server thread/INFO]: WeepingVines Growth Modifier: 100%
[12:14:00] [Server thread/INFO]: CaveVines Growth Modifier: 100%
[12:14:00] [Server thread/INFO]: Entity Activation Range: An 32 / Mo 32 / Ra 48 / Mi 16 / Tiv true / Isa false
[12:14:00] [Server thread/INFO]: Hopper Transfer: 8 Hopper Check: 1 Hopper Amount: 1 Hopper Can Load Chunks: false
[12:14:00] [Server thread/INFO]: Custom Map Seeds:  Village: 10387312 Desert: 14357617 Igloo: 14357618 Jungle: 14357619 Swamp: 14357620 Monument: 10387313 Ocean: 14357621 Shipwreck: 165745295 End City: 10387313 Slime: 987234911 Nether: 30084232 Mansion: 10387319 Fossil: 14357921 Portal: 34222645
[12:14:00] [Server thread/INFO]: Entity Tracking Range: Pl 48 / An 48 / Mo 48 / Mi 32 / Di 128 / Other 64
[12:14:00] [Server thread/INFO]: Max TNT Explosions: 100
[12:14:00] [Server thread/INFO]: Tile Max Tick Time: 50ms Entity max Tick Time: 50ms
[12:14:00] [Server thread/INFO]: -------- World Settings For [world_nether] --------
[12:14:00] [Server thread/INFO]: Allow Zombie Pigmen to spawn from portal blocks: true
[12:14:00] [Server thread/INFO]: Nerfing mobs spawned from spawners: false
[12:14:00] [Server thread/INFO]: Item Merge Radius: 2.5
[12:14:00] [Server thread/INFO]: Item Despawn Rate: 6000
[12:14:00] [Server thread/INFO]: View Distance: 10
[12:14:00] [Server thread/INFO]: Simulation Distance: 10
[12:14:00] [Server thread/INFO]: Zombie Aggressive Towards Villager: true
[12:14:00] [Server thread/INFO]: Arrow Despawn Rate: 1200 Trident Respawn Rate:1200
[12:14:00] [Server thread/INFO]: Experience Merge Radius: 3.0
[12:14:00] [Server thread/INFO]: Mob Spawn Range: 6
[12:14:00] [Server thread/INFO]: Cactus Growth Modifier: 100%
[12:14:00] [Server thread/INFO]: Cane Growth Modifier: 100%
[12:14:00] [Server thread/INFO]: Melon Growth Modifier: 100%
[12:14:00] [Server thread/INFO]: Mushroom Growth Modifier: 100%
[12:14:00] [Server thread/INFO]: Pumpkin Growth Modifier: 100%
[12:14:00] [Server thread/INFO]: Sapling Growth Modifier: 100%
[12:14:00] [Server thread/INFO]: Beetroot Growth Modifier: 100%
[12:14:00] [Server thread/INFO]: Carrot Growth Modifier: 100%
[12:14:00] [Server thread/INFO]: Potato Growth Modifier: 100%
[12:14:00] [Server thread/INFO]: Wheat Growth Modifier: 100%
[12:14:00] [Server thread/INFO]: NetherWart Growth Modifier: 100%
[12:14:00] [Server thread/INFO]: Vine Growth Modifier: 100%
[12:14:00] [Server thread/INFO]: Cocoa Growth Modifier: 100%
[12:14:00] [Server thread/INFO]: Bamboo Growth Modifier: 100%
[12:14:00] [Server thread/INFO]: SweetBerry Growth Modifier: 100%
[12:14:00] [Server thread/INFO]: Kelp Growth Modifier: 100%
[12:14:00] [Server thread/INFO]: TwistingVines Growth Modifier: 100%
[12:14:00] [Server thread/INFO]: WeepingVines Growth Modifier: 100%
[12:14:00] [Server thread/INFO]: CaveVines Growth Modifier: 100%
[12:14:00] [Server thread/INFO]: Entity Activation Range: An 32 / Mo 32 / Ra 48 / Mi 16 / Tiv true / Isa false
[12:14:00] [Server thread/INFO]: Hopper Transfer: 8 Hopper Check: 1 Hopper Amount: 1 Hopper Can Load Chunks: false
[12:14:00] [Server thread/INFO]: Custom Map Seeds:  Village: 10387312 Desert: 14357617 Igloo: 14357618 Jungle: 14357619 Swamp: 14357620 Monument: 10387313 Ocean: 14357621 Shipwreck: 165745295 End City: 10387313 Slime: 987234911 Nether: 30084232 Mansion: 10387319 Fossil: 14357921 Portal: 34222645
[12:14:00] [Server thread/INFO]: Entity Tracking Range: Pl 48 / An 48 / Mo 48 / Mi 32 / Di 128 / Other 64
[12:14:00] [Server thread/INFO]: Max TNT Explosions: 100
[12:14:00] [Server thread/INFO]: Tile Max Tick Time: 50ms Entity max Tick Time: 50ms
[12:14:00] [Server thread/INFO]: -------- World Settings For [world_the_end] --------
[12:14:00] [Server thread/INFO]: Allow Zombie Pigmen to spawn from portal blocks: true
[12:14:00] [Server thread/INFO]: Nerfing mobs spawned from spawners: false
[12:14:00] [Server thread/INFO]: Item Merge Radius: 2.5
[12:14:00] [Server thread/INFO]: Item Despawn Rate: 6000
[12:14:00] [Server thread/INFO]: View Distance: 10
[12:14:00] [Server thread/INFO]: Simulation Distance: 10
[12:14:00] [Server thread/INFO]: Zombie Aggressive Towards Villager: true
[12:14:00] [Server thread/INFO]: Arrow Despawn Rate: 1200 Trident Respawn Rate:1200
[12:14:00] [Server thread/INFO]: Experience Merge Radius: 3.0
[12:14:00] [Server thread/INFO]: Mob Spawn Range: 6
[12:14:00] [Server thread/INFO]: Cactus Growth Modifier: 100%
[12:14:00] [Server thread/INFO]: Cane Growth Modifier: 100%
[12:14:00] [Server thread/INFO]: Melon Growth Modifier: 100%
[12:14:00] [Server thread/INFO]: Mushroom Growth Modifier: 100%
[12:14:00] [Server thread/INFO]: Pumpkin Growth Modifier: 100%
[12:14:00] [Server thread/INFO]: Sapling Growth Modifier: 100%
[12:14:00] [Server thread/INFO]: Beetroot Growth Modifier: 100%
[12:14:00] [Server thread/INFO]: Carrot Growth Modifier: 100%
[12:14:00] [Server thread/INFO]: Potato Growth Modifier: 100%
[12:14:00] [Server thread/INFO]: Wheat Growth Modifier: 100%
[12:14:00] [Server thread/INFO]: NetherWart Growth Modifier: 100%
[12:14:00] [Server thread/INFO]: Vine Growth Modifier: 100%
[12:14:00] [Server thread/INFO]: Cocoa Growth Modifier: 100%
[12:14:00] [Server thread/INFO]: Bamboo Growth Modifier: 100%
[12:14:00] [Server thread/INFO]: SweetBerry Growth Modifier: 100%
[12:14:00] [Server thread/INFO]: Kelp Growth Modifier: 100%
[12:14:00] [Server thread/INFO]: TwistingVines Growth Modifier: 100%
[12:14:00] [Server thread/INFO]: WeepingVines Growth Modifier: 100%
[12:14:00] [Server thread/INFO]: CaveVines Growth Modifier: 100%
[12:14:00] [Server thread/INFO]: Entity Activation Range: An 32 / Mo 32 / Ra 48 / Mi 16 / Tiv true / Isa false
[12:14:00] [Server thread/INFO]: Hopper Transfer: 8 Hopper Check: 1 Hopper Amount: 1 Hopper Can Load Chunks: false
[12:14:00] [Server thread/INFO]: Custom Map Seeds:  Village: 10387312 Desert: 14357617 Igloo: 14357618 Jungle: 14357619 Swamp: 14357620 Monument: 10387313 Ocean: 14357621 Shipwreck: 165745295 End City: 10387313 Slime: 987234911 Nether: 30084232 Mansion: 10387319 Fossil: 14357921 Portal: 34222645
[12:14:00] [Server thread/INFO]: Entity Tracking Range: Pl 48 / An 48 / Mo 48 / Mi 32 / Di 128 / Other 64
[12:14:00] [Server thread/INFO]: Max TNT Explosions: 100
[12:14:00] [Server thread/INFO]: Tile Max Tick Time: 50ms Entity max Tick Time: 50ms
[12:14:00] [Server thread/INFO]: [hSpawn] Disabling hSpawn v1.2
[12:14:00] [Server thread/INFO]: Loaded 7 recipes
[12:14:01] [Server thread/INFO]: [hSpawn] Loading hSpawn v1.2
[12:14:01] [Server thread/INFO]: [hSpawn] Enabling hSpawn v1.2
[12:14:01] [Server thread/INFO]: Server permissions file permissions.yml is empty, ignoring it
[12:14:01] [Server thread/INFO]: ht06: Reload complete.
[12:14:05] [Server thread/INFO]: ht06 issued server command: /hrl
[12:15:45] [Server thread/INFO]: ht06 issued server command: /rl
[12:15:45] [Server thread/INFO]: ht06: Please note that this command is not supported and may cause issues when using some plugins.
[12:15:45] [Server thread/INFO]: ht06: If you encounter any issues please use the /stop command to restart your server.
[12:15:45] [Server thread/INFO]: Debug logging is disabled
[12:15:45] [Server thread/INFO]: Server Ping Player Sample Count: 12
[12:15:45] [Server thread/INFO]: Using 4 threads for Netty based IO
[12:15:45] [Server thread/INFO]: -------- World Settings For [world] --------
[12:15:45] [Server thread/INFO]: Allow Zombie Pigmen to spawn from portal blocks: true
[12:15:45] [Server thread/INFO]: Nerfing mobs spawned from spawners: false
[12:15:45] [Server thread/INFO]: Item Merge Radius: 2.5
[12:15:45] [Server thread/INFO]: Item Despawn Rate: 6000
[12:15:45] [Server thread/INFO]: View Distance: 10
[12:15:45] [Server thread/INFO]: Simulation Distance: 10
[12:15:45] [Server thread/INFO]: Zombie Aggressive Towards Villager: true
[12:15:45] [Server thread/INFO]: Arrow Despawn Rate: 1200 Trident Respawn Rate:1200
[12:15:45] [Server thread/INFO]: Experience Merge Radius: 3.0
[12:15:45] [Server thread/INFO]: Mob Spawn Range: 6
[12:15:45] [Server thread/INFO]: Cactus Growth Modifier: 100%
[12:15:45] [Server thread/INFO]: Cane Growth Modifier: 100%
[12:15:45] [Server thread/INFO]: Melon Growth Modifier: 100%
[12:15:45] [Server thread/INFO]: Mushroom Growth Modifier: 100%
[12:15:45] [Server thread/INFO]: Pumpkin Growth Modifier: 100%
[12:15:45] [Server thread/INFO]: Sapling Growth Modifier: 100%
[12:15:45] [Server thread/INFO]: Beetroot Growth Modifier: 100%
[12:15:45] [Server thread/INFO]: Carrot Growth Modifier: 100%
[12:15:45] [Server thread/INFO]: Potato Growth Modifier: 100%
[12:15:45] [Server thread/INFO]: Wheat Growth Modifier: 100%
[12:15:45] [Server thread/INFO]: NetherWart Growth Modifier: 100%
[12:15:45] [Server thread/INFO]: Vine Growth Modifier: 100%
[12:15:45] [Server thread/INFO]: Cocoa Growth Modifier: 100%
[12:15:45] [Server thread/INFO]: Bamboo Growth Modifier: 100%
[12:15:45] [Server thread/INFO]: SweetBerry Growth Modifier: 100%
[12:15:45] [Server thread/INFO]: Kelp Growth Modifier: 100%
[12:15:45] [Server thread/INFO]: TwistingVines Growth Modifier: 100%
[12:15:45] [Server thread/INFO]: WeepingVines Growth Modifier: 100%
[12:15:45] [Server thread/INFO]: CaveVines Growth Modifier: 100%
[12:15:45] [Server thread/INFO]: Entity Activation Range: An 32 / Mo 32 / Ra 48 / Mi 16 / Tiv true / Isa false
[12:15:45] [Server thread/INFO]: Hopper Transfer: 8 Hopper Check: 1 Hopper Amount: 1 Hopper Can Load Chunks: false
[12:15:45] [Server thread/INFO]: Custom Map Seeds:  Village: 10387312 Desert: 14357617 Igloo: 14357618 Jungle: 14357619 Swamp: 14357620 Monument: 10387313 Ocean: 14357621 Shipwreck: 165745295 End City: 10387313 Slime: 987234911 Nether: 30084232 Mansion: 10387319 Fossil: 14357921 Portal: 34222645
[12:15:45] [Server thread/INFO]: Entity Tracking Range: Pl 48 / An 48 / Mo 48 / Mi 32 / Di 128 / Other 64
[12:15:45] [Server thread/INFO]: Max TNT Explosions: 100
[12:15:45] [Server thread/INFO]: Tile Max Tick Time: 50ms Entity max Tick Time: 50ms
[12:15:45] [Server thread/INFO]: -------- World Settings For [world_nether] --------
[12:15:45] [Server thread/INFO]: Allow Zombie Pigmen to spawn from portal blocks: true
[12:15:45] [Server thread/INFO]: Nerfing mobs spawned from spawners: false
[12:15:45] [Server thread/INFO]: Item Merge Radius: 2.5
[12:15:45] [Server thread/INFO]: Item Despawn Rate: 6000
[12:15:45] [Server thread/INFO]: View Distance: 10
[12:15:45] [Server thread/INFO]: Simulation Distance: 10
[12:15:45] [Server thread/INFO]: Zombie Aggressive Towards Villager: true
[12:15:45] [Server thread/INFO]: Arrow Despawn Rate: 1200 Trident Respawn Rate:1200
[12:15:45] [Server thread/INFO]: Experience Merge Radius: 3.0
[12:15:45] [Server thread/INFO]: Mob Spawn Range: 6
[12:15:45] [Server thread/INFO]: Cactus Growth Modifier: 100%
[12:15:45] [Server thread/INFO]: Cane Growth Modifier: 100%
[12:15:45] [Server thread/INFO]: Melon Growth Modifier: 100%
[12:15:45] [Server thread/INFO]: Mushroom Growth Modifier: 100%
[12:15:45] [Server thread/INFO]: Pumpkin Growth Modifier: 100%
[12:15:45] [Server thread/INFO]: Sapling Growth Modifier: 100%
[12:15:45] [Server thread/INFO]: Beetroot Growth Modifier: 100%
[12:15:45] [Server thread/INFO]: Carrot Growth Modifier: 100%
[12:15:45] [Server thread/INFO]: Potato Growth Modifier: 100%
[12:15:45] [Server thread/INFO]: Wheat Growth Modifier: 100%
[12:15:45] [Server thread/INFO]: NetherWart Growth Modifier: 100%
[12:15:45] [Server thread/INFO]: Vine Growth Modifier: 100%
[12:15:45] [Server thread/INFO]: Cocoa Growth Modifier: 100%
[12:15:45] [Server thread/INFO]: Bamboo Growth Modifier: 100%
[12:15:45] [Server thread/INFO]: SweetBerry Growth Modifier: 100%
[12:15:45] [Server thread/INFO]: Kelp Growth Modifier: 100%
[12:15:45] [Server thread/INFO]: TwistingVines Growth Modifier: 100%
[12:15:45] [Server thread/INFO]: WeepingVines Growth Modifier: 100%
[12:15:45] [Server thread/INFO]: CaveVines Growth Modifier: 100%
[12:15:45] [Server thread/INFO]: Entity Activation Range: An 32 / Mo 32 / Ra 48 / Mi 16 / Tiv true / Isa false
[12:15:45] [Server thread/INFO]: Hopper Transfer: 8 Hopper Check: 1 Hopper Amount: 1 Hopper Can Load Chunks: false
[12:15:45] [Server thread/INFO]: Custom Map Seeds:  Village: 10387312 Desert: 14357617 Igloo: 14357618 Jungle: 14357619 Swamp: 14357620 Monument: 10387313 Ocean: 14357621 Shipwreck: 165745295 End City: 10387313 Slime: 987234911 Nether: 30084232 Mansion: 10387319 Fossil: 14357921 Portal: 34222645
[12:15:45] [Server thread/INFO]: Entity Tracking Range: Pl 48 / An 48 / Mo 48 / Mi 32 / Di 128 / Other 64
[12:15:45] [Server thread/INFO]: Max TNT Explosions: 100
[12:15:45] [Server thread/INFO]: Tile Max Tick Time: 50ms Entity max Tick Time: 50ms
[12:15:45] [Server thread/INFO]: -------- World Settings For [world_the_end] --------
[12:15:45] [Server thread/INFO]: Allow Zombie Pigmen to spawn from portal blocks: true
[12:15:45] [Server thread/INFO]: Nerfing mobs spawned from spawners: false
[12:15:45] [Server thread/INFO]: Item Merge Radius: 2.5
[12:15:45] [Server thread/INFO]: Item Despawn Rate: 6000
[12:15:45] [Server thread/INFO]: View Distance: 10
[12:15:45] [Server thread/INFO]: Simulation Distance: 10
[12:15:45] [Server thread/INFO]: Zombie Aggressive Towards Villager: true
[12:15:45] [Server thread/INFO]: Arrow Despawn Rate: 1200 Trident Respawn Rate:1200
[12:15:45] [Server thread/INFO]: Experience Merge Radius: 3.0
[12:15:45] [Server thread/INFO]: Mob Spawn Range: 6
[12:15:45] [Server thread/INFO]: Cactus Growth Modifier: 100%
[12:15:45] [Server thread/INFO]: Cane Growth Modifier: 100%
[12:15:45] [Server thread/INFO]: Melon Growth Modifier: 100%
[12:15:45] [Server thread/INFO]: Mushroom Growth Modifier: 100%
[12:15:45] [Server thread/INFO]: Pumpkin Growth Modifier: 100%
[12:15:45] [Server thread/INFO]: Sapling Growth Modifier: 100%
[12:15:45] [Server thread/INFO]: Beetroot Growth Modifier: 100%
[12:15:45] [Server thread/INFO]: Carrot Growth Modifier: 100%
[12:15:45] [Server thread/INFO]: Potato Growth Modifier: 100%
[12:15:45] [Server thread/INFO]: Wheat Growth Modifier: 100%
[12:15:45] [Server thread/INFO]: NetherWart Growth Modifier: 100%
[12:15:45] [Server thread/INFO]: Vine Growth Modifier: 100%
[12:15:45] [Server thread/INFO]: Cocoa Growth Modifier: 100%
[12:15:45] [Server thread/INFO]: Bamboo Growth Modifier: 100%
[12:15:45] [Server thread/INFO]: SweetBerry Growth Modifier: 100%
[12:15:45] [Server thread/INFO]: Kelp Growth Modifier: 100%
[12:15:45] [Server thread/INFO]: TwistingVines Growth Modifier: 100%
[12:15:45] [Server thread/INFO]: WeepingVines Growth Modifier: 100%
[12:15:45] [Server thread/INFO]: CaveVines Growth Modifier: 100%
[12:15:45] [Server thread/INFO]: Entity Activation Range: An 32 / Mo 32 / Ra 48 / Mi 16 / Tiv true / Isa false
[12:15:45] [Server thread/INFO]: Hopper Transfer: 8 Hopper Check: 1 Hopper Amount: 1 Hopper Can Load Chunks: false
[12:15:45] [Server thread/INFO]: Custom Map Seeds:  Village: 10387312 Desert: 14357617 Igloo: 14357618 Jungle: 14357619 Swamp: 14357620 Monument: 10387313 Ocean: 14357621 Shipwreck: 165745295 End City: 10387313 Slime: 987234911 Nether: 30084232 Mansion: 10387319 Fossil: 14357921 Portal: 34222645
[12:15:45] [Server thread/INFO]: Entity Tracking Range: Pl 48 / An 48 / Mo 48 / Mi 32 / Di 128 / Other 64
[12:15:45] [Server thread/INFO]: Max TNT Explosions: 100
[12:15:45] [Server thread/INFO]: Tile Max Tick Time: 50ms Entity max Tick Time: 50ms
[12:15:45] [Server thread/INFO]: [hSpawn] Disabling hSpawn v1.2
[12:15:45] [Server thread/INFO]: Loaded 7 recipes
[12:15:46] [Server thread/INFO]: [hSpawn] Loading hSpawn v1.2
[12:15:46] [Server thread/INFO]: [hSpawn] Enabling hSpawn v1.2
[12:15:46] [Server thread/INFO]: Server permissions file permissions.yml is empty, ignoring it
[12:15:46] [Server thread/INFO]: ht06: Reload complete.
[12:16:15] [Server thread/INFO]: ht06 issued server command: /hrl
[12:17:34] [Server thread/INFO]: ht06 issued server command: /setspawn
[12:17:51] [Server thread/INFO]: ht06 issued server command: /hrl
[12:17:52] [Server thread/INFO]: ht06 issued server command: /setspawn
[12:17:58] [Server thread/INFO]: ht06 issued server command: /hrl
[12:17:59] [Server thread/INFO]: ht06 issued server command: /setspawn
[12:18:05] [Server thread/INFO]: ht06 issued server command: /hrl
[12:19:07] [Thread-1/INFO]: Stopping server
[12:19:07] [Thread-1/INFO]: [hSpawn] Disabling hSpawn v1.2
[12:19:07] [Thread-1/INFO]: Saving players
